<?xml version="1.0" encoding="UTF-8"?>
<testsuite xmlns:xsi="http://www.w3.org/2001/XMLSchema-instance" xsi:noNamespaceSchemaLocation="https://maven.apache.org/surefire/maven-surefire-plugin/xsd/surefire-test-report-3.0.xsd" version="3.0" name="com.misight.service.MisightApplicationTests" time="10.484" tests="1" errors="0" skipped="0" failures="0">
  <properties>
[...]
</properties>
  <testcase name="contextLoads" classname="com.misight.service.MisightApplicationTests" time="0.924">
    <system-out><![CDATA[05:39:21.310 [main] INFO org.springframework.test.context.support.AnnotationConfigContextLoaderUtils -- Could not detect default configuration classes for test class [com.misight.service.MisightApplicationTests]: MisightApplicationTests does not declare any static, non-private, non-final, nested classes annotated with @Configuration.
05:39:21.515 [main] INFO org.springframework.boot.test.context.SpringBootTestContextBootstrapper -- Found @SpringBootConfiguration com.misight.ServerApplication for test class com.misight.service.MisightApplicationTests

  .   ____          _            __ _ _
 /\\ / ___'_ __ _ _(_)_ __  __ _ \ \ \ \
( ( )\___ | '_ | '_| | '_ \/ _` | \ \ \ \
 \\/  ___)| |_)| | | | | || (_| |  ) ) ) )
  '  |____| .__|_| |_|_| |_\__, | / / / /
 =========|_|==============|___/=/_/_/_/
 :: Spring Boot ::                (v3.2.1)

2024-12-16T05:39:22.050+01:00  INFO 28445 --- [           main] c.m.service.MisightApplicationTests      : Starting MisightApplicationTests using Java 17.0.2 with PID 28445 (started by keyinstudent in /Users/keyinstudent/Documents/S4-Final-BackEnd)
2024-12-16T05:39:22.051+01:00 DEBUG 28445 --- [           main] c.m.service.MisightApplicationTests      : Running with Spring Boot v3.2.1, Spring v6.1.2
2024-12-16T05:39:22.051+01:00  INFO 28445 --- [           main] c.m.service.MisightApplicationTests      : No active profile set, falling back to 1 default profile: "default"
2024-12-16T05:39:22.052+01:00 DEBUG 28445 --- [           main] o.s.boot.SpringApplication               : Loading source class com.misight.ServerApplication
2024-12-16T05:39:22.108+01:00 DEBUG 28445 --- [           main] o.s.w.c.s.GenericWebApplicationContext   : Refreshing org.springframework.web.context.support.GenericWebApplicationContext@551a20d6
2024-12-16T05:39:22.163+01:00 DEBUG 28445 --- [           main] o.s.b.f.s.DefaultListableBeanFactory     : Creating shared instance of singleton bean 'org.springframework.context.annotation.internalConfigurationAnnotationProcessor'
2024-12-16T05:39:22.172+01:00 DEBUG 28445 --- [           main] o.s.b.f.s.DefaultListableBeanFactory     : Creating shared instance of singleton bean 'org.springframework.boot.autoconfigure.internalCachingMetadataReaderFactory'
2024-12-16T05:39:22.226+01:00 DEBUG 28445 --- [           main] o.s.c.a.ClassPathBeanDefinitionScanner   : Identified candidate component class: file [/Users/keyinstudent/Documents/S4-Final-BackEnd/target/classes/com/misight/config/DatabaseTestRunner.class]
2024-12-16T05:39:22.230+01:00 DEBUG 28445 --- [           main] o.s.c.a.ClassPathBeanDefinitionScanner   : Identified candidate component class: file [/Users/keyinstudent/Documents/S4-Final-BackEnd/target/classes/com/misight/config/RequestLoggingConfig.class]
2024-12-16T05:39:22.243+01:00 DEBUG 28445 --- [           main] o.s.c.a.ClassPathBeanDefinitionScanner   : Identified candidate component class: file [/Users/keyinstudent/Documents/S4-Final-BackEnd/target/classes/com/misight/config/SecurityConfig.class]
2024-12-16T05:39:22.306+01:00 DEBUG 28445 --- [           main] o.s.c.a.ClassPathBeanDefinitionScanner   : Identified candidate component class: file [/Users/keyinstudent/Documents/S4-Final-BackEnd/target/classes/com/misight/controller/EnvironmentalDataController.class]
2024-12-16T05:39:22.309+01:00 DEBUG 28445 --- [           main] o.s.c.a.ClassPathBeanDefinitionScanner   : Identified candidate component class: file [/Users/keyinstudent/Documents/S4-Final-BackEnd/target/classes/com/misight/controller/GlobalExceptionHandler.class]
2024-12-16T05:39:22.313+01:00 DEBUG 28445 --- [           main] o.s.c.a.ClassPathBeanDefinitionScanner   : Identified candidate component class: file [/Users/keyinstudent/Documents/S4-Final-BackEnd/target/classes/com/misight/controller/MineralsController.class]
2024-12-16T05:39:22.321+01:00 DEBUG 28445 --- [           main] o.s.c.a.ClassPathBeanDefinitionScanner   : Identified candidate component class: file [/Users/keyinstudent/Documents/S4-Final-BackEnd/target/classes/com/misight/controller/MinesController.class]
2024-12-16T05:39:22.322+01:00 DEBUG 28445 --- [           main] o.s.c.a.ClassPathBeanDefinitionScanner   : Identified candidate component class: file [/Users/keyinstudent/Documents/S4-Final-BackEnd/target/classes/com/misight/controller/MonitoringStationsController.class]
2024-12-16T05:39:22.326+01:00 DEBUG 28445 --- [           main] o.s.c.a.ClassPathBeanDefinitionScanner   : Identified candidate component class: file [/Users/keyinstudent/Documents/S4-Final-BackEnd/target/classes/com/misight/controller/PollutantsController.class]
2024-12-16T05:39:22.327+01:00 DEBUG 28445 --- [           main] o.s.c.a.ClassPathBeanDefinitionScanner   : Identified candidate component class: file [/Users/keyinstudent/Documents/S4-Final-BackEnd/target/classes/com/misight/controller/PrivilegesController.class]
2024-12-16T05:39:22.329+01:00 DEBUG 28445 --- [           main] o.s.c.a.ClassPathBeanDefinitionScanner   : Identified candidate component class: file [/Users/keyinstudent/Documents/S4-Final-BackEnd/target/classes/com/misight/controller/ProvincesController.class]
2024-12-16T05:39:22.330+01:00 DEBUG 28445 --- [           main] o.s.c.a.ClassPathBeanDefinitionScanner   : Identified candidate component class: file [/Users/keyinstudent/Documents/S4-Final-BackEnd/target/classes/com/misight/controller/RootController.class]
2024-12-16T05:39:22.331+01:00 DEBUG 28445 --- [           main] o.s.c.a.ClassPathBeanDefinitionScanner   : Identified candidate component class: file [/Users/keyinstudent/Documents/S4-Final-BackEnd/target/classes/com/misight/controller/SafetyDataController.class]
2024-12-16T05:39:22.332+01:00 DEBUG 28445 --- [           main] o.s.c.a.ClassPathBeanDefinitionScanner   : Identified candidate component class: file [/Users/keyinstudent/Documents/S4-Final-BackEnd/target/classes/com/misight/controller/UserController.class]
2024-12-16T05:39:22.335+01:00 DEBUG 28445 --- [           main] o.s.c.a.ClassPathBeanDefinitionScanner   : Identified candidate component class: file [/Users/keyinstudent/Documents/S4-Final-BackEnd/target/classes/com/misight/controller/UserPrivilegeController.class]
2024-12-16T05:39:22.395+01:00 DEBUG 28445 --- [           main] o.s.c.a.ClassPathBeanDefinitionScanner   : Ignored because not a concrete top-level class: file [/Users/keyinstudent/Documents/S4-Final-BackEnd/target/classes/com/misight/repository/EnvironmentalDataRepo.class]
2024-12-16T05:39:22.396+01:00 DEBUG 28445 --- [           main] o.s.c.a.ClassPathBeanDefinitionScanner   : Ignored because not a concrete top-level class: file [/Users/keyinstudent/Documents/S4-Final-BackEnd/target/classes/com/misight/repository/MineralsRepo.class]
2024-12-16T05:39:22.397+01:00 DEBUG 28445 --- [           main] o.s.c.a.ClassPathBeanDefinitionScanner   : Ignored because not a concrete top-level class: file [/Users/keyinstudent/Documents/S4-Final-BackEnd/target/classes/com/misight/repository/MinesRepo.class]
2024-12-16T05:39:22.397+01:00 DEBUG 28445 --- [           main] o.s.c.a.ClassPathBeanDefinitionScanner   : Ignored because not a concrete top-level class: file [/Users/keyinstudent/Documents/S4-Final-BackEnd/target/classes/com/misight/repository/MonitoringStationsRepo.class]
2024-12-16T05:39:22.398+01:00 DEBUG 28445 --- [           main] o.s.c.a.ClassPathBeanDefinitionScanner   : Ignored because not a concrete top-level class: file [/Users/keyinstudent/Documents/S4-Final-BackEnd/target/classes/com/misight/repository/PollutantsRepo.class]
2024-12-16T05:39:22.398+01:00 DEBUG 28445 --- [           main] o.s.c.a.ClassPathBeanDefinitionScanner   : Ignored because not a concrete top-level class: file [/Users/keyinstudent/Documents/S4-Final-BackEnd/target/classes/com/misight/repository/PrivilegesRepo.class]
2024-12-16T05:39:22.401+01:00 DEBUG 28445 --- [           main] o.s.c.a.ClassPathBeanDefinitionScanner   : Ignored because not a concrete top-level class: file [/Users/keyinstudent/Documents/S4-Final-BackEnd/target/classes/com/misight/repository/ProvincesRepo.class]
2024-12-16T05:39:22.401+01:00 DEBUG 28445 --- [           main] o.s.c.a.ClassPathBeanDefinitionScanner   : Ignored because not a concrete top-level class: file [/Users/keyinstudent/Documents/S4-Final-BackEnd/target/classes/com/misight/repository/SafetyDataRepo.class]
2024-12-16T05:39:22.402+01:00 DEBUG 28445 --- [           main] o.s.c.a.ClassPathBeanDefinitionScanner   : Ignored because not a concrete top-level class: file [/Users/keyinstudent/Documents/S4-Final-BackEnd/target/classes/com/misight/repository/UserPrivilegeRepo.class]
2024-12-16T05:39:22.402+01:00 DEBUG 28445 --- [           main] o.s.c.a.ClassPathBeanDefinitionScanner   : Ignored because not a concrete top-level class: file [/Users/keyinstudent/Documents/S4-Final-BackEnd/target/classes/com/misight/repository/UserRepo.class]
2024-12-16T05:39:22.402+01:00 DEBUG 28445 --- [           main] o.s.c.a.ClassPathBeanDefinitionScanner   : Identified candidate component class: file [/Users/keyinstudent/Documents/S4-Final-BackEnd/target/classes/com/misight/service/EnvironmentalDataService.class]
2024-12-16T05:39:22.405+01:00 DEBUG 28445 --- [           main] o.s.c.a.ClassPathBeanDefinitionScanner   : Identified candidate component class: file [/Users/keyinstudent/Documents/S4-Final-BackEnd/target/classes/com/misight/service/MineralsService.class]
2024-12-16T05:39:22.406+01:00 DEBUG 28445 --- [           main] o.s.c.a.ClassPathBeanDefinitionScanner   : Identified candidate component class: file [/Users/keyinstudent/Documents/S4-Final-BackEnd/target/classes/com/misight/service/MinesService.class]
2024-12-16T05:39:22.407+01:00 DEBUG 28445 --- [           main] o.s.c.a.ClassPathBeanDefinitionScanner   : Identified candidate component class: file [/Users/keyinstudent/Documents/S4-Final-BackEnd/target/classes/com/misight/service/MonitoringStationsService.class]
2024-12-16T05:39:22.408+01:00 DEBUG 28445 --- [           main] o.s.c.a.ClassPathBeanDefinitionScanner   : Identified candidate component class: file [/Users/keyinstudent/Documents/S4-Final-BackEnd/target/classes/com/misight/service/PollutantsService.class]
2024-12-16T05:39:22.408+01:00 DEBUG 28445 --- [           main] o.s.c.a.ClassPathBeanDefinitionScanner   : Identified candidate component class: file [/Users/keyinstudent/Documents/S4-Final-BackEnd/target/classes/com/misight/service/PrivilegesService.class]
2024-12-16T05:39:22.409+01:00 DEBUG 28445 --- [           main] o.s.c.a.ClassPathBeanDefinitionScanner   : Identified candidate component class: file [/Users/keyinstudent/Documents/S4-Final-BackEnd/target/classes/com/misight/service/ProvincesService.class]
2024-12-16T05:39:22.410+01:00 DEBUG 28445 --- [           main] o.s.c.a.ClassPathBeanDefinitionScanner   : Identified candidate component class: file [/Users/keyinstudent/Documents/S4-Final-BackEnd/target/classes/com/misight/service/SafetyDataService.class]
2024-12-16T05:39:22.410+01:00 DEBUG 28445 --- [           main] o.s.c.a.ClassPathBeanDefinitionScanner   : Identified candidate component class: file [/Users/keyinstudent/Documents/S4-Final-BackEnd/target/classes/com/misight/service/UserPrivilegeServiceImpl.class]
2024-12-16T05:39:22.410+01:00 DEBUG 28445 --- [           main] o.s.c.a.ClassPathBeanDefinitionScanner   : Identified candidate component class: file [/Users/keyinstudent/Documents/S4-Final-BackEnd/target/classes/com/misight/service/UserService.class]
2024-12-16T05:39:23.471+01:00  INFO 28445 --- [           main] .s.d.r.c.RepositoryConfigurationDelegate : Bootstrapping Spring Data JPA repositories in DEFAULT mode.
2024-12-16T05:39:23.483+01:00 DEBUG 28445 --- [           main] o.s.b.f.s.DefaultListableBeanFactory     : Creating shared instance of singleton bean 'org.springframework.boot.autoconfigure.AutoConfigurationPackages'
2024-12-16T05:39:23.490+01:00 DEBUG 28445 --- [           main] o.s.b.a.AutoConfigurationPackages        : @EnableAutoConfiguration was declared on a class in the package 'com.misight'. Automatic @Repository and @Entity scanning is enabled.
2024-12-16T05:39:23.492+01:00 DEBUG 28445 --- [           main] .s.d.r.c.RepositoryConfigurationDelegate : Scanning for JPA repositories in packages com.misight.
2024-12-16T05:39:23.517+01:00 DEBUG 28445 --- [           main] o.s.d.r.c.RepositoryComponentProvider    : Identified candidate component class: file [/Users/keyinstudent/Documents/S4-Final-BackEnd/target/classes/com/misight/repository/EnvironmentalDataRepo.class]
2024-12-16T05:39:23.519+01:00 DEBUG 28445 --- [           main] o.s.d.r.c.RepositoryComponentProvider    : Identified candidate component class: file [/Users/keyinstudent/Documents/S4-Final-BackEnd/target/classes/com/misight/repository/MineralsRepo.class]
2024-12-16T05:39:23.519+01:00 DEBUG 28445 --- [           main] o.s.d.r.c.RepositoryComponentProvider    : Identified candidate component class: file [/Users/keyinstudent/Documents/S4-Final-BackEnd/target/classes/com/misight/repository/MinesRepo.class]
2024-12-16T05:39:23.521+01:00 DEBUG 28445 --- [           main] o.s.d.r.c.RepositoryComponentProvider    : Identified candidate component class: file [/Users/keyinstudent/Documents/S4-Final-BackEnd/target/classes/com/misight/repository/MonitoringStationsRepo.class]
2024-12-16T05:39:23.522+01:00 DEBUG 28445 --- [           main] o.s.d.r.c.RepositoryComponentProvider    : Identified candidate component class: file [/Users/keyinstudent/Documents/S4-Final-BackEnd/target/classes/com/misight/repository/PollutantsRepo.class]
2024-12-16T05:39:23.522+01:00 DEBUG 28445 --- [           main] o.s.d.r.c.RepositoryComponentProvider    : Identified candidate component class: file [/Users/keyinstudent/Documents/S4-Final-BackEnd/target/classes/com/misight/repository/PrivilegesRepo.class]
2024-12-16T05:39:23.522+01:00 DEBUG 28445 --- [           main] o.s.d.r.c.RepositoryComponentProvider    : Identified candidate component class: file [/Users/keyinstudent/Documents/S4-Final-BackEnd/target/classes/com/misight/repository/ProvincesRepo.class]
2024-12-16T05:39:23.522+01:00 DEBUG 28445 --- [           main] o.s.d.r.c.RepositoryComponentProvider    : Identified candidate component class: file [/Users/keyinstudent/Documents/S4-Final-BackEnd/target/classes/com/misight/repository/SafetyDataRepo.class]
2024-12-16T05:39:23.523+01:00 DEBUG 28445 --- [           main] o.s.d.r.c.RepositoryComponentProvider    : Identified candidate component class: file [/Users/keyinstudent/Documents/S4-Final-BackEnd/target/classes/com/misight/repository/UserPrivilegeRepo.class]
2024-12-16T05:39:23.523+01:00 DEBUG 28445 --- [           main] o.s.d.r.c.RepositoryComponentProvider    : Identified candidate component class: file [/Users/keyinstudent/Documents/S4-Final-BackEnd/target/classes/com/misight/repository/UserRepo.class]
2024-12-16T05:39:23.577+01:00 DEBUG 28445 --- [           main] ssPathScanningCandidateComponentProvider : Identified candidate component class: file [/Users/keyinstudent/Documents/S4-Final-BackEnd/target/classes/com/misight/service/UserPrivilegeServiceImpl.class]
2024-12-16T05:39:23.622+01:00  INFO 28445 --- [           main] .s.d.r.c.RepositoryConfigurationDelegate : Finished Spring Data repository scanning in 124 ms. Found 10 JPA repository interfaces.
2024-12-16T05:39:23.883+01:00 DEBUG 28445 --- [           main] o.s.b.f.s.DefaultListableBeanFactory     : Creating shared instance of singleton bean 'springSecurityHandlerMappingIntrospectorBeanDefinitionRegistryPostProcessor'
2024-12-16T05:39:24.067+01:00 DEBUG 28445 --- [           main] o.s.b.f.s.DefaultListableBeanFactory     : Creating shared instance of singleton bean 'propertySourcesPlaceholderConfigurer'
2024-12-16T05:39:24.073+01:00 DEBUG 28445 --- [           main] o.s.b.f.s.DefaultListableBeanFactory     : Creating shared instance of singleton bean 'org.springframework.boot.test.mock.mockito.MockitoPostProcessor'
2024-12-16T05:39:24.079+01:00 DEBUG 28445 --- [           main] o.s.b.f.s.DefaultListableBeanFactory     : Creating shared instance of singleton bean 'emBeanDefinitionRegistrarPostProcessor'
2024-12-16T05:39:24.079+01:00 DEBUG 28445 --- [           main] o.s.b.f.s.DefaultListableBeanFactory     : Creating shared instance of singleton bean 'org.springframework.boot.sql.init.dependency.DatabaseInitializationDependencyConfigurer$DependsOnDatabaseInitializationPostProcessor'
2024-12-16T05:39:24.171+01:00 DEBUG 28445 --- [           main] o.s.b.f.s.DefaultListableBeanFactory     : Creating shared instance of singleton bean 'org.springframework.context.event.internalEventListenerProcessor'
2024-12-16T05:39:24.173+01:00 DEBUG 28445 --- [           main] o.s.b.f.s.DefaultListableBeanFactory     : Creating shared instance of singleton bean 'conversionServicePostProcessor'
2024-12-16T05:39:24.180+01:00 DEBUG 28445 --- [           main] o.s.b.f.s.DefaultListableBeanFactory     : Creating shared instance of singleton bean 'preserveErrorControllerTargetClassPostProcessor'
2024-12-16T05:39:24.182+01:00 DEBUG 28445 --- [           main] o.s.b.f.s.DefaultListableBeanFactory     : Creating shared instance of singleton bean 'org.springframework.context.event.internalEventListenerFactory'
2024-12-16T05:39:24.183+01:00 DEBUG 28445 --- [           main] o.s.b.f.s.DefaultListableBeanFactory     : Creating shared instance of singleton bean 'org.springframework.transaction.config.internalTransactionalEventListenerFactory'
2024-12-16T05:39:24.192+01:00 DEBUG 28445 --- [           main] o.s.b.f.s.DefaultListableBeanFactory     : Creating shared instance of singleton bean 'org.springframework.boot.test.mock.mockito.MockitoPostProcessor$SpyPostProcessor'
2024-12-16T05:39:24.196+01:00 DEBUG 28445 --- [           main] o.s.b.f.s.DefaultListableBeanFactory     : Creating shared instance of singleton bean 'org.springframework.context.annotation.internalAutowiredAnnotationProcessor'
2024-12-16T05:39:24.198+01:00 DEBUG 28445 --- [           main] o.s.b.f.s.DefaultListableBeanFactory     : Creating shared instance of singleton bean 'org.springframework.context.annotation.internalCommonAnnotationProcessor'
2024-12-16T05:39:24.201+01:00 DEBUG 28445 --- [           main] o.s.b.f.s.DefaultListableBeanFactory     : Creating shared instance of singleton bean 'org.springframework.context.annotation.internalPersistenceAnnotationProcessor'
2024-12-16T05:39:24.201+01:00 DEBUG 28445 --- [           main] o.s.b.f.s.DefaultListableBeanFactory     : Creating shared instance of singleton bean 'org.springframework.boot.context.properties.ConfigurationPropertiesBindingPostProcessor'
2024-12-16T05:39:24.201+01:00 DEBUG 28445 --- [           main] o.s.b.f.s.DefaultListableBeanFactory     : Creating shared instance of singleton bean 'org.springframework.boot.context.internalConfigurationPropertiesBinder'
2024-12-16T05:39:24.211+01:00 DEBUG 28445 --- [           main] o.s.b.f.s.DefaultListableBeanFactory     : Creating shared instance of singleton bean 'jdbcConnectionDetailsHikariBeanPostProcessor'
2024-12-16T05:39:24.213+01:00 DEBUG 28445 --- [           main] o.s.b.f.s.DefaultListableBeanFactory     : Creating shared instance of singleton bean 'org.springframework.aop.config.internalAutoProxyCreator'
2024-12-16T05:39:24.246+01:00 DEBUG 28445 --- [           main] o.s.b.f.s.DefaultListableBeanFactory     : Creating shared instance of singleton bean 'persistenceExceptionTranslationPostProcessor'
2024-12-16T05:39:24.279+01:00 DEBUG 28445 --- [           main] o.s.b.f.s.DefaultListableBeanFactory     : Autowiring by type from bean name 'persistenceExceptionTranslationPostProcessor' via factory method to bean named 'environment'
2024-12-16T05:39:24.283+01:00 DEBUG 28445 --- [           main] o.s.b.f.s.DefaultListableBeanFactory     : Creating shared instance of singleton bean 'webServerFactoryCustomizerBeanPostProcessor'
2024-12-16T05:39:24.284+01:00 DEBUG 28445 --- [           main] o.s.b.f.s.DefaultListableBeanFactory     : Creating shared instance of singleton bean 'errorPageRegistrarBeanPostProcessor'
2024-12-16T05:39:24.285+01:00 DEBUG 28445 --- [           main] o.s.b.f.s.DefaultListableBeanFactory     : Creating shared instance of singleton bean 'projectingArgumentResolverBeanPostProcessor'
2024-12-16T05:39:24.286+01:00 DEBUG 28445 --- [           main] o.s.b.f.s.DefaultListableBeanFactory     : Creating shared instance of singleton bean 'org.springframework.transaction.config.internalTransactionAdvisor'
2024-12-16T05:39:24.287+01:00 DEBUG 28445 --- [           main] o.s.b.f.s.DefaultListableBeanFactory     : Creating shared instance of singleton bean 'org.springframework.transaction.annotation.ProxyTransactionManagementConfiguration'
2024-12-16T05:39:24.309+01:00 DEBUG 28445 --- [           main] o.s.b.f.s.DefaultListableBeanFactory     : Creating shared instance of singleton bean 'transactionAttributeSource'
2024-12-16T05:39:24.311+01:00 DEBUG 28445 --- [           main] o.s.b.f.s.DefaultListableBeanFactory     : Creating shared instance of singleton bean 'transactionInterceptor'
2024-12-16T05:39:24.311+01:00 DEBUG 28445 --- [           main] o.s.b.f.s.DefaultListableBeanFactory     : Autowiring by type from bean name 'transactionInterceptor' via factory method to bean named 'transactionAttributeSource'
2024-12-16T05:39:24.315+01:00 DEBUG 28445 --- [           main] o.s.b.f.s.DefaultListableBeanFactory     : Autowiring by type from bean name 'org.springframework.transaction.config.internalTransactionAdvisor' via factory method to bean named 'transactionAttributeSource'
2024-12-16T05:39:24.315+01:00 DEBUG 28445 --- [           main] o.s.b.f.s.DefaultListableBeanFactory     : Autowiring by type from bean name 'org.springframework.transaction.config.internalTransactionAdvisor' via factory method to bean named 'transactionInterceptor'
2024-12-16T05:39:24.342+01:00 DEBUG 28445 --- [           main] o.s.u.c.s.UiApplicationContextUtils      : Unable to locate ThemeSource with name 'themeSource': using default [org.springframework.ui.context.support.ResourceBundleThemeSource@45658133]
2024-12-16T05:39:24.345+01:00 DEBUG 28445 --- [           main] o.s.b.f.s.DefaultListableBeanFactory     : Creating shared instance of singleton bean 'dataSourceScriptDatabaseInitializer'
2024-12-16T05:39:24.346+01:00 DEBUG 28445 --- [           main] o.s.b.f.s.DefaultListableBeanFactory     : Creating shared instance of singleton bean 'org.springframework.boot.autoconfigure.sql.init.DataSourceInitializationConfiguration'
2024-12-16T05:39:24.350+01:00 DEBUG 28445 --- [           main] o.s.b.f.s.DefaultListableBeanFactory     : Creating shared instance of singleton bean 'dataSource'
2024-12-16T05:39:24.351+01:00 DEBUG 28445 --- [           main] o.s.b.f.s.DefaultListableBeanFactory     : Creating shared instance of singleton bean 'org.springframework.boot.autoconfigure.jdbc.DataSourceConfiguration$Hikari'
2024-12-16T05:39:24.353+01:00 DEBUG 28445 --- [           main] o.s.b.f.s.DefaultListableBeanFactory     : Creating shared instance of singleton bean 'spring.datasource-org.springframework.boot.autoconfigure.jdbc.DataSourceProperties'
2024-12-16T05:39:24.356+01:00 DEBUG 28445 --- [           main] o.s.b.f.s.DefaultListableBeanFactory     : Creating shared instance of singleton bean 'org.springframework.boot.context.properties.BoundConfigurationProperties'
2024-12-16T05:39:24.405+01:00 DEBUG 28445 --- [           main] o.s.b.f.s.DefaultListableBeanFactory     : Creating shared instance of singleton bean 'jdbcConnectionDetails'
2024-12-16T05:39:24.406+01:00 DEBUG 28445 --- [           main] o.s.b.f.s.DefaultListableBeanFactory     : Creating shared instance of singleton bean 'org.springframework.boot.autoconfigure.jdbc.DataSourceAutoConfiguration$PooledDataSourceConfiguration'
2024-12-16T05:39:24.408+01:00 DEBUG 28445 --- [           main] o.s.b.f.s.DefaultListableBeanFactory     : Autowiring by type from bean name 'jdbcConnectionDetails' via factory method to bean named 'spring.datasource-org.springframework.boot.autoconfigure.jdbc.DataSourceProperties'
2024-12-16T05:39:24.410+01:00 DEBUG 28445 --- [           main] o.s.b.f.s.DefaultListableBeanFactory     : Autowiring by type from bean name 'dataSource' via factory method to bean named 'spring.datasource-org.springframework.boot.autoconfigure.jdbc.DataSourceProperties'
2024-12-16T05:39:24.411+01:00 DEBUG 28445 --- [           main] o.s.b.f.s.DefaultListableBeanFactory     : Autowiring by type from bean name 'dataSource' via factory method to bean named 'jdbcConnectionDetails'
2024-12-16T05:39:24.448+01:00 DEBUG 28445 --- [           main] o.s.b.f.s.DefaultListableBeanFactory     : Creating shared instance of singleton bean 'spring.sql.init-org.springframework.boot.autoconfigure.sql.init.SqlInitializationProperties'
2024-12-16T05:39:24.455+01:00 DEBUG 28445 --- [           main] o.s.b.f.s.DefaultListableBeanFactory     : Autowiring by type from bean name 'dataSourceScriptDatabaseInitializer' via factory method to bean named 'dataSource'
2024-12-16T05:39:24.455+01:00 DEBUG 28445 --- [           main] o.s.b.f.s.DefaultListableBeanFactory     : Autowiring by type from bean name 'dataSourceScriptDatabaseInitializer' via factory method to bean named 'spring.sql.init-org.springframework.boot.autoconfigure.sql.init.SqlInitializationProperties'
2024-12-16T05:39:24.461+01:00 DEBUG 28445 --- [           main] o.s.b.f.s.DefaultListableBeanFactory     : Creating shared instance of singleton bean 'entityManagerFactory'
2024-12-16T05:39:24.463+01:00 DEBUG 28445 --- [           main] o.s.b.f.s.DefaultListableBeanFactory     : Creating shared instance of singleton bean 'org.springframework.boot.autoconfigure.orm.jpa.HibernateJpaConfiguration'
2024-12-16T05:39:24.465+01:00 DEBUG 28445 --- [           main] o.s.b.f.s.DefaultListableBeanFactory     : Creating shared instance of singleton bean 'spring.jpa-org.springframework.boot.autoconfigure.orm.jpa.JpaProperties'
2024-12-16T05:39:24.482+01:00 DEBUG 28445 --- [           main] o.s.b.f.s.DefaultListableBeanFactory     : Creating shared instance of singleton bean 'spring.jpa.hibernate-org.springframework.boot.autoconfigure.orm.jpa.HibernateProperties'
2024-12-16T05:39:24.484+01:00 DEBUG 28445 --- [           main] o.s.b.f.s.DefaultListableBeanFactory     : Autowiring by type from bean name 'org.springframework.boot.autoconfigure.orm.jpa.HibernateJpaConfiguration' via constructor to bean named 'dataSource'
2024-12-16T05:39:24.484+01:00 DEBUG 28445 --- [           main] o.s.b.f.s.DefaultListableBeanFactory     : Autowiring by type from bean name 'org.springframework.boot.autoconfigure.orm.jpa.HibernateJpaConfiguration' via constructor to bean named 'spring.jpa-org.springframework.boot.autoconfigure.orm.jpa.JpaProperties'
2024-12-16T05:39:24.484+01:00 DEBUG 28445 --- [           main] o.s.b.f.s.DefaultListableBeanFactory     : Autowiring by type from bean name 'org.springframework.boot.autoconfigure.orm.jpa.HibernateJpaConfiguration' via constructor to bean named 'org.springframework.beans.factory.support.DefaultListableBeanFactory@77e2a6e2'
2024-12-16T05:39:24.484+01:00 DEBUG 28445 --- [           main] o.s.b.f.s.DefaultListableBeanFactory     : Autowiring by type from bean name 'org.springframework.boot.autoconfigure.orm.jpa.HibernateJpaConfiguration' via constructor to bean named 'spring.jpa.hibernate-org.springframework.boot.autoconfigure.orm.jpa.HibernateProperties'
2024-12-16T05:39:24.486+01:00 DEBUG 28445 --- [           main] o.s.b.f.s.DefaultListableBeanFactory     : Creating shared instance of singleton bean 'hikariPoolDataSourceMetadataProvider'
2024-12-16T05:39:24.486+01:00 DEBUG 28445 --- [           main] o.s.b.f.s.DefaultListableBeanFactory     : Creating shared instance of singleton bean 'org.springframework.boot.autoconfigure.jdbc.metadata.DataSourcePoolMetadataProvidersConfiguration$HikariPoolDataSourceMetadataProviderConfiguration'
2024-12-16T05:39:24.502+01:00 DEBUG 28445 --- [           main] o.s.b.f.s.DefaultListableBeanFactory     : Creating shared instance of singleton bean 'entityManagerFactoryBuilder'
2024-12-16T05:39:24.504+01:00 DEBUG 28445 --- [           main] o.s.b.f.s.DefaultListableBeanFactory     : Creating shared instance of singleton bean 'jpaVendorAdapter'
2024-12-16T05:39:24.520+01:00 DEBUG 28445 --- [           main] o.s.b.f.s.DefaultListableBeanFactory     : Autowiring by type from bean name 'entityManagerFactoryBuilder' via factory method to bean named 'jpaVendorAdapter'
2024-12-16T05:39:24.532+01:00 DEBUG 28445 --- [           main] o.s.b.f.s.DefaultListableBeanFactory     : Creating shared instance of singleton bean 'persistenceManagedTypes'
2024-12-16T05:39:24.533+01:00 DEBUG 28445 --- [           main] o.s.b.f.s.DefaultListableBeanFactory     : Autowiring by type from bean name 'persistenceManagedTypes' via factory method to bean named 'org.springframework.beans.factory.support.DefaultListableBeanFactory@77e2a6e2'
2024-12-16T05:39:24.534+01:00 DEBUG 28445 --- [           main] o.s.b.f.s.DefaultListableBeanFactory     : Autowiring by type from bean name 'persistenceManagedTypes' via factory method to bean named 'org.springframework.web.context.support.GenericWebApplicationContext@551a20d6'
2024-12-16T05:39:24.565+01:00 DEBUG 28445 --- [           main] o.s.b.f.s.DefaultListableBeanFactory     : Autowiring by type from bean name 'entityManagerFactory' via factory method to bean named 'entityManagerFactoryBuilder'
2024-12-16T05:39:24.566+01:00 DEBUG 28445 --- [           main] o.s.b.f.s.DefaultListableBeanFactory     : Autowiring by type from bean name 'entityManagerFactory' via factory method to bean named 'persistenceManagedTypes'
2024-12-16T05:39:24.599+01:00 DEBUG 28445 --- [           main] j.LocalContainerEntityManagerFactoryBean : Building JPA container EntityManagerFactory for persistence unit 'default'
2024-12-16T05:39:24.622+01:00  INFO 28445 --- [           main] o.hibernate.jpa.internal.util.LogHelper  : HHH000204: Processing PersistenceUnitInfo [name: default]
2024-12-16T05:39:24.680+01:00  INFO 28445 --- [           main] org.hibernate.Version                    : HHH000412: Hibernate ORM core version 6.4.1.Final
2024-12-16T05:39:24.707+01:00  INFO 28445 --- [           main] o.h.c.internal.RegionFactoryInitiator    : HHH000026: Second-level cache disabled
2024-12-16T05:39:24.975+01:00  INFO 28445 --- [           main] o.s.o.j.p.SpringPersistenceUnitInfo      : No LoadTimeWeaver setup: ignoring JPA class transformer
2024-12-16T05:39:25.024+01:00  WARN 28445 --- [           main] com.zaxxer.hikari.HikariConfig           : HikariPool-1 - idleTimeout is close to or more than maxLifetime, disabling it.
2024-12-16T05:39:25.025+01:00  INFO 28445 --- [           main] com.zaxxer.hikari.HikariDataSource       : HikariPool-1 - Starting...
2024-12-16T05:39:25.258+01:00  INFO 28445 --- [           main] com.zaxxer.hikari.pool.HikariPool        : HikariPool-1 - Added connection org.postgresql.jdbc.PgConnection@54c11750
2024-12-16T05:39:25.267+01:00  INFO 28445 --- [           main] com.zaxxer.hikari.HikariDataSource       : HikariPool-1 - Start completed.
2024-12-16T05:39:25.332+01:00  WARN 28445 --- [           main] org.hibernate.orm.deprecation            : HHH90000025: PostgreSQLDialect does not need to be specified explicitly using 'hibernate.dialect' (remove the property setting and it will be selected by default)
2024-12-16T05:39:25.373+01:00 DEBUG 28445 --- [           main] o.h.t.d.sql.spi.DdlTypeRegistry          : addDescriptor(2003, org.hibernate.type.descriptor.sql.internal.ArrayDdlTypeImpl@1f172892) replaced previous registration(org.hibernate.type.descriptor.sql.internal.ArrayDdlTypeImpl@5409dfdd)
2024-12-16T05:39:25.373+01:00 DEBUG 28445 --- [           main] o.h.t.d.sql.spi.DdlTypeRegistry          : addDescriptor(6, org.hibernate.type.descriptor.sql.internal.CapacityDependentDdlType@45f9d394) replaced previous registration(org.hibernate.type.descriptor.sql.internal.DdlTypeImpl@1c2d63f0)
2024-12-16T05:39:26.560+01:00  INFO 28445 --- [           main] o.h.e.t.j.p.i.JtaPlatformInitiator       : HHH000489: No JTA platform available (set 'hibernate.transaction.jta.platform' to enable JTA platform integration)
2024-12-16T05:39:26.662+01:00 DEBUG 28445 --- [           main] org.hibernate.SQL                        : 
    create table station_pollutants (
        station_id bigint not null,
        pollutant_id bigint not null,
        primary key (station_id, pollutant_id)
    )
Hibernate: 
    create table station_pollutants (
        station_id bigint not null,
        pollutant_id bigint not null,
        primary key (station_id, pollutant_id)
    )
2024-12-16T05:39:26.800+01:00 DEBUG 28445 --- [           main] org.hibernate.SQL                        : 
    alter table if exists station_pollutants 
       add constraint FKkdhthy7mm9mh15r00qsctof26 
       foreign key (pollutant_id) 
       references pollutants
Hibernate: 
    alter table if exists station_pollutants 
       add constraint FKkdhthy7mm9mh15r00qsctof26 
       foreign key (pollutant_id) 
       references pollutants
2024-12-16T05:39:26.807+01:00 DEBUG 28445 --- [           main] org.hibernate.SQL                        : 
    alter table if exists station_pollutants 
       add constraint FKi9wthajg3ybnr1unla0f55gc5 
       foreign key (station_id) 
       references monitoring_stations
Hibernate: 
    alter table if exists station_pollutants 
       add constraint FKi9wthajg3ybnr1unla0f55gc5 
       foreign key (station_id) 
       references monitoring_stations
2024-12-16T05:39:26.851+01:00  INFO 28445 --- [           main] j.LocalContainerEntityManagerFactoryBean : Initialized JPA EntityManagerFactory for persistence unit 'default'
2024-12-16T05:39:26.873+01:00 DEBUG 28445 --- [           main] o.s.b.f.s.DefaultListableBeanFactory     : Creating shared instance of singleton bean 'serverApplication'
2024-12-16T05:39:26.889+01:00 DEBUG 28445 --- [           main] o.s.b.f.s.DefaultListableBeanFactory     : Creating shared instance of singleton bean 'databaseTestRunner'
2024-12-16T05:39:26.891+01:00 DEBUG 28445 --- [           main] o.s.b.f.s.DefaultListableBeanFactory     : Creating shared instance of singleton bean 'requestLoggingConfig'
2024-12-16T05:39:26.893+01:00 DEBUG 28445 --- [           main] o.s.b.f.s.DefaultListableBeanFactory     : Creating shared instance of singleton bean 'securityConfig'
2024-12-16T05:39:26.894+01:00 DEBUG 28445 --- [           main] o.s.b.f.s.DefaultListableBeanFactory     : Creating shared instance of singleton bean 'environmentalDataController'
2024-12-16T05:39:26.915+01:00 DEBUG 28445 --- [           main] o.s.b.f.s.DefaultListableBeanFactory     : Creating shared instance of singleton bean 'environmentalDataService'
2024-12-16T05:39:26.919+01:00 DEBUG 28445 --- [           main] o.s.b.f.s.DefaultListableBeanFactory     : Creating shared instance of singleton bean 'environmentalDataRepo'
2024-12-16T05:39:26.950+01:00 DEBUG 28445 --- [           main] o.s.b.f.s.DefaultListableBeanFactory     : Creating shared instance of singleton bean 'jpa.named-queries#4'
2024-12-16T05:39:26.959+01:00 DEBUG 28445 --- [           main] o.s.b.f.s.DefaultListableBeanFactory     : Creating shared instance of singleton bean 'jpa.EnvironmentalDataRepo.fragments#0'
2024-12-16T05:39:26.966+01:00 DEBUG 28445 --- [           main] o.s.b.f.s.DefaultListableBeanFactory     : Creating shared instance of singleton bean 'jpaSharedEM_entityManagerFactory'
2024-12-16T05:39:26.998+01:00 DEBUG 28445 --- [           main] o.s.b.f.s.DefaultListableBeanFactory     : Creating shared instance of singleton bean 'jpaMappingContext'
2024-12-16T05:39:27.000+01:00 DEBUG 28445 --- [           main] .c.JpaMetamodelMappingContextFactoryBean : Initializing JpaMetamodelMappingContext…
2024-12-16T05:39:27.027+01:00 DEBUG 28445 --- [           main] .c.JpaMetamodelMappingContextFactoryBean : Finished initializing JpaMetamodelMappingContext
2024-12-16T05:39:27.070+01:00 DEBUG 28445 --- [           main] tor$SharedEntityManagerInvocationHandler : Creating new EntityManager for shared EntityManager invocation
2024-12-16T05:39:27.110+01:00 DEBUG 28445 --- [           main] tor$SharedEntityManagerInvocationHandler : Creating new EntityManager for shared EntityManager invocation
2024-12-16T05:39:27.248+01:00 DEBUG 28445 --- [           main] o.s.d.r.c.s.RepositoryFactorySupport     : Initializing repository instance for com.misight.repository.EnvironmentalDataRepo…
2024-12-16T05:39:27.273+01:00 DEBUG 28445 --- [           main] tor$SharedEntityManagerInvocationHandler : Creating new EntityManager for shared EntityManager invocation
2024-12-16T05:39:27.371+01:00 DEBUG 28445 --- [           main] o.s.d.jpa.repository.query.NamedQuery    : Looking up named query EnvironmentalData.findByPollutantId
2024-12-16T05:39:27.374+01:00 DEBUG 28445 --- [           main] o.s.d.jpa.repository.query.NamedQuery    : Did not find named query EnvironmentalData.findByPollutantId
2024-12-16T05:39:27.375+01:00 DEBUG 28445 --- [           main] tor$SharedEntityManagerInvocationHandler : Creating new EntityManager for shared EntityManager invocation
2024-12-16T05:39:27.418+01:00 DEBUG 28445 --- [           main] o.s.d.jpa.repository.query.NamedQuery    : Looking up named query EnvironmentalData.findByMonitoringStationId
2024-12-16T05:39:27.419+01:00 DEBUG 28445 --- [           main] o.s.d.jpa.repository.query.NamedQuery    : Did not find named query EnvironmentalData.findByMonitoringStationId
2024-12-16T05:39:27.419+01:00 DEBUG 28445 --- [           main] tor$SharedEntityManagerInvocationHandler : Creating new EntityManager for shared EntityManager invocation
2024-12-16T05:39:27.424+01:00 DEBUG 28445 --- [           main] o.s.d.jpa.repository.query.NamedQuery    : Looking up named query EnvironmentalData.findByMeasurementDateBetween
2024-12-16T05:39:27.425+01:00 DEBUG 28445 --- [           main] o.s.d.jpa.repository.query.NamedQuery    : Did not find named query EnvironmentalData.findByMeasurementDateBetween
2024-12-16T05:39:27.425+01:00 DEBUG 28445 --- [           main] tor$SharedEntityManagerInvocationHandler : Creating new EntityManager for shared EntityManager invocation
2024-12-16T05:39:27.427+01:00 DEBUG 28445 --- [           main] o.s.d.jpa.repository.query.NamedQuery    : Looking up named query EnvironmentalData.findByMineId
2024-12-16T05:39:27.427+01:00 DEBUG 28445 --- [           main] o.s.d.jpa.repository.query.NamedQuery    : Did not find named query EnvironmentalData.findByMineId
2024-12-16T05:39:27.427+01:00 DEBUG 28445 --- [           main] tor$SharedEntityManagerInvocationHandler : Creating new EntityManager for shared EntityManager invocation
2024-12-16T05:39:27.456+01:00  INFO 28445 --- [           main] o.s.d.j.r.query.QueryEnhancerFactory     : Hibernate is in classpath; If applicable, HQL parser will be used.
2024-12-16T05:39:27.674+01:00 DEBUG 28445 --- [           main] o.s.d.jpa.repository.query.NamedQuery    : Did not find named query EnvironmentalData.findByMineIdAndDateRange.count
2024-12-16T05:39:27.675+01:00 DEBUG 28445 --- [           main] tor$SharedEntityManagerInvocationHandler : Creating new EntityManager for shared EntityManager invocation
2024-12-16T05:39:28.041+01:00 DEBUG 28445 --- [           main] o.s.d.r.c.s.RepositoryFactorySupport     : Finished creation of repository instance for com.misight.repository.EnvironmentalDataRepo.
2024-12-16T05:39:28.066+01:00 DEBUG 28445 --- [           main] o.s.b.f.s.DefaultListableBeanFactory     : Autowiring by type from bean name 'environmentalDataService' via constructor to bean named 'environmentalDataRepo'
2024-12-16T05:39:28.125+01:00 DEBUG 28445 --- [           main] o.s.b.f.s.DefaultListableBeanFactory     : Autowiring by type from bean name 'environmentalDataController' via constructor to bean named 'environmentalDataService'
2024-12-16T05:39:28.132+01:00 DEBUG 28445 --- [           main] o.s.b.f.s.DefaultListableBeanFactory     : Creating shared instance of singleton bean 'globalExceptionHandler'
2024-12-16T05:39:28.143+01:00 DEBUG 28445 --- [           main] o.s.b.f.s.DefaultListableBeanFactory     : Creating shared instance of singleton bean 'mineralsController'
2024-12-16T05:39:28.149+01:00 DEBUG 28445 --- [           main] o.s.b.f.s.DefaultListableBeanFactory     : Creating shared instance of singleton bean 'mineralsService'
2024-12-16T05:39:28.150+01:00 DEBUG 28445 --- [           main] o.s.b.f.s.DefaultListableBeanFactory     : Creating shared instance of singleton bean 'mineralsRepo'
2024-12-16T05:39:28.162+01:00 DEBUG 28445 --- [           main] o.s.b.f.s.DefaultListableBeanFactory     : Creating shared instance of singleton bean 'jpa.named-queries#5'
2024-12-16T05:39:28.168+01:00 DEBUG 28445 --- [           main] o.s.b.f.s.DefaultListableBeanFactory     : Creating shared instance of singleton bean 'jpa.MineralsRepo.fragments#0'
2024-12-16T05:39:28.170+01:00 DEBUG 28445 --- [           main] tor$SharedEntityManagerInvocationHandler : Creating new EntityManager for shared EntityManager invocation
2024-12-16T05:39:28.174+01:00 DEBUG 28445 --- [           main] o.s.d.r.c.s.RepositoryFactorySupport     : Initializing repository instance for com.misight.repository.MineralsRepo…
2024-12-16T05:39:28.176+01:00 DEBUG 28445 --- [           main] tor$SharedEntityManagerInvocationHandler : Creating new EntityManager for shared EntityManager invocation
2024-12-16T05:39:28.196+01:00 DEBUG 28445 --- [           main] o.s.d.jpa.repository.query.NamedQuery    : Looking up named query Minerals.existsByName
2024-12-16T05:39:28.197+01:00 DEBUG 28445 --- [           main] o.s.d.jpa.repository.query.NamedQuery    : Did not find named query Minerals.existsByName
2024-12-16T05:39:28.197+01:00 DEBUG 28445 --- [           main] tor$SharedEntityManagerInvocationHandler : Creating new EntityManager for shared EntityManager invocation
2024-12-16T05:39:28.312+01:00 DEBUG 28445 --- [           main] o.s.d.jpa.repository.query.NamedQuery    : Did not find named query Minerals.findByNameContaining.count
2024-12-16T05:39:28.314+01:00 DEBUG 28445 --- [           main] tor$SharedEntityManagerInvocationHandler : Creating new EntityManager for shared EntityManager invocation
2024-12-16T05:39:28.481+01:00 DEBUG 28445 --- [           main] o.s.d.jpa.repository.query.NamedQuery    : Did not find named query Minerals.findByMineId.count
2024-12-16T05:39:28.485+01:00 DEBUG 28445 --- [           main] tor$SharedEntityManagerInvocationHandler : Creating new EntityManager for shared EntityManager invocation
2024-12-16T05:39:28.511+01:00 DEBUG 28445 --- [           main] o.s.d.r.c.s.RepositoryFactorySupport     : Finished creation of repository instance for com.misight.repository.MineralsRepo.
2024-12-16T05:39:28.523+01:00 DEBUG 28445 --- [           main] o.s.b.f.s.DefaultListableBeanFactory     : Autowiring by type from bean name 'mineralsService' via constructor to bean named 'mineralsRepo'
2024-12-16T05:39:28.555+01:00 DEBUG 28445 --- [           main] o.s.b.f.s.DefaultListableBeanFactory     : Autowiring by type from bean name 'mineralsController' via constructor to bean named 'mineralsService'
2024-12-16T05:39:28.557+01:00 DEBUG 28445 --- [           main] o.s.b.f.s.DefaultListableBeanFactory     : Creating shared instance of singleton bean 'minesController'
2024-12-16T05:39:28.565+01:00 DEBUG 28445 --- [           main] o.s.b.f.s.DefaultListableBeanFactory     : Creating shared instance of singleton bean 'minesService'
2024-12-16T05:39:28.566+01:00 DEBUG 28445 --- [           main] o.s.b.f.s.DefaultListableBeanFactory     : Creating shared instance of singleton bean 'minesRepo'
2024-12-16T05:39:28.576+01:00 DEBUG 28445 --- [           main] o.s.b.f.s.DefaultListableBeanFactory     : Creating shared instance of singleton bean 'jpa.named-queries#0'
2024-12-16T05:39:28.580+01:00 DEBUG 28445 --- [           main] o.s.b.f.s.DefaultListableBeanFactory     : Creating shared instance of singleton bean 'jpa.MinesRepo.fragments#0'
2024-12-16T05:39:28.584+01:00 DEBUG 28445 --- [           main] tor$SharedEntityManagerInvocationHandler : Creating new EntityManager for shared EntityManager invocation
2024-12-16T05:39:28.585+01:00 DEBUG 28445 --- [           main] o.s.d.r.c.s.RepositoryFactorySupport     : Initializing repository instance for com.misight.repository.MinesRepo…
2024-12-16T05:39:28.587+01:00 DEBUG 28445 --- [           main] tor$SharedEntityManagerInvocationHandler : Creating new EntityManager for shared EntityManager invocation
2024-12-16T05:39:28.626+01:00 DEBUG 28445 --- [           main] o.s.d.jpa.repository.query.NamedQuery    : Did not find named query Mines.findAll.count
2024-12-16T05:39:28.627+01:00 DEBUG 28445 --- [           main] tor$SharedEntityManagerInvocationHandler : Creating new EntityManager for shared EntityManager invocation
2024-12-16T05:39:28.635+01:00 DEBUG 28445 --- [           main] o.s.d.jpa.repository.query.NamedQuery    : Looking up named query Mines.findByCompanyIgnoreCase
2024-12-16T05:39:28.635+01:00 DEBUG 28445 --- [           main] o.s.d.jpa.repository.query.NamedQuery    : Did not find named query Mines.findByCompanyIgnoreCase
2024-12-16T05:39:28.635+01:00 DEBUG 28445 --- [           main] tor$SharedEntityManagerInvocationHandler : Creating new EntityManager for shared EntityManager invocation
2024-12-16T05:39:28.645+01:00 DEBUG 28445 --- [           main] o.s.d.jpa.repository.query.NamedQuery    : Did not find named query Mines.findByProvinceId.count
2024-12-16T05:39:28.645+01:00 DEBUG 28445 --- [           main] tor$SharedEntityManagerInvocationHandler : Creating new EntityManager for shared EntityManager invocation
2024-12-16T05:39:28.653+01:00 DEBUG 28445 --- [           main] o.s.d.jpa.repository.query.NamedQuery    : Did not find named query Mines.findByMineralId.count
2024-12-16T05:39:28.653+01:00 DEBUG 28445 --- [           main] tor$SharedEntityManagerInvocationHandler : Creating new EntityManager for shared EntityManager invocation
2024-12-16T05:39:28.661+01:00 DEBUG 28445 --- [           main] o.s.d.jpa.repository.query.NamedQuery    : Looking up named query Mines.findByNameIgnoreCase
2024-12-16T05:39:28.661+01:00 DEBUG 28445 --- [           main] o.s.d.jpa.repository.query.NamedQuery    : Did not find named query Mines.findByNameIgnoreCase
2024-12-16T05:39:28.662+01:00 DEBUG 28445 --- [           main] tor$SharedEntityManagerInvocationHandler : Creating new EntityManager for shared EntityManager invocation
2024-12-16T05:39:28.664+01:00 DEBUG 28445 --- [           main] o.s.d.jpa.repository.query.NamedQuery    : Did not find named query Mines.findAllWithMinerals.count
2024-12-16T05:39:28.665+01:00 DEBUG 28445 --- [           main] tor$SharedEntityManagerInvocationHandler : Creating new EntityManager for shared EntityManager invocation
2024-12-16T05:39:28.673+01:00 DEBUG 28445 --- [           main] o.s.d.jpa.repository.query.NamedQuery    : Did not find named query Mines.findByIdWithSafetyData.count
2024-12-16T05:39:28.673+01:00 DEBUG 28445 --- [           main] tor$SharedEntityManagerInvocationHandler : Creating new EntityManager for shared EntityManager invocation
2024-12-16T05:39:28.682+01:00 DEBUG 28445 --- [           main] o.s.d.jpa.repository.query.NamedQuery    : Did not find named query Mines.findAllBasic.count
2024-12-16T05:39:28.683+01:00 DEBUG 28445 --- [           main] tor$SharedEntityManagerInvocationHandler : Creating new EntityManager for shared EntityManager invocation
2024-12-16T05:39:28.686+01:00 DEBUG 28445 --- [           main] o.s.d.jpa.repository.query.NamedQuery    : Did not find named query Mines.findByIdWithEnvironmentalData.count
2024-12-16T05:39:28.686+01:00 DEBUG 28445 --- [           main] tor$SharedEntityManagerInvocationHandler : Creating new EntityManager for shared EntityManager invocation
2024-12-16T05:39:28.692+01:00 DEBUG 28445 --- [           main] o.s.d.jpa.repository.query.NamedQuery    : Did not find named query Mines.findByIdWithMinerals.count
2024-12-16T05:39:28.692+01:00 DEBUG 28445 --- [           main] tor$SharedEntityManagerInvocationHandler : Creating new EntityManager for shared EntityManager invocation
2024-12-16T05:39:28.698+01:00 DEBUG 28445 --- [           main] o.s.d.r.c.s.RepositoryFactorySupport     : Finished creation of repository instance for com.misight.repository.MinesRepo.
2024-12-16T05:39:28.702+01:00 DEBUG 28445 --- [           main] o.s.b.f.s.DefaultListableBeanFactory     : Autowiring by type from bean name 'minesService' via constructor to bean named 'minesRepo'
2024-12-16T05:39:28.702+01:00 DEBUG 28445 --- [           main] o.s.b.f.s.DefaultListableBeanFactory     : Autowiring by type from bean name 'minesService' via constructor to bean named 'mineralsRepo'
2024-12-16T05:39:28.729+01:00 DEBUG 28445 --- [           main] o.s.b.f.s.DefaultListableBeanFactory     : Autowiring by type from bean name 'minesController' via constructor to bean named 'minesService'
2024-12-16T05:39:28.735+01:00 DEBUG 28445 --- [           main] o.s.b.f.s.DefaultListableBeanFactory     : Creating shared instance of singleton bean 'monitoringStationsController'
2024-12-16T05:39:28.740+01:00 DEBUG 28445 --- [           main] o.s.b.f.s.DefaultListableBeanFactory     : Creating shared instance of singleton bean 'monitoringStationsService'
2024-12-16T05:39:28.743+01:00 DEBUG 28445 --- [           main] o.s.b.f.s.DefaultListableBeanFactory     : Creating shared instance of singleton bean 'monitoringStationsRepo'
2024-12-16T05:39:28.750+01:00 DEBUG 28445 --- [           main] o.s.b.f.s.DefaultListableBeanFactory     : Creating shared instance of singleton bean 'jpa.named-queries#2'
2024-12-16T05:39:28.752+01:00 DEBUG 28445 --- [           main] o.s.b.f.s.DefaultListableBeanFactory     : Creating shared instance of singleton bean 'jpa.MonitoringStationsRepo.fragments#0'
2024-12-16T05:39:28.753+01:00 DEBUG 28445 --- [           main] tor$SharedEntityManagerInvocationHandler : Creating new EntityManager for shared EntityManager invocation
2024-12-16T05:39:28.756+01:00 DEBUG 28445 --- [           main] o.s.d.r.c.s.RepositoryFactorySupport     : Initializing repository instance for com.misight.repository.MonitoringStationsRepo…
2024-12-16T05:39:28.760+01:00 DEBUG 28445 --- [           main] tor$SharedEntityManagerInvocationHandler : Creating new EntityManager for shared EntityManager invocation
2024-12-16T05:39:28.787+01:00 DEBUG 28445 --- [           main] o.s.d.jpa.repository.query.NamedQuery    : Did not find named query MonitoringStations.findByProvinceId.count
2024-12-16T05:39:28.788+01:00 DEBUG 28445 --- [           main] tor$SharedEntityManagerInvocationHandler : Creating new EntityManager for shared EntityManager invocation
2024-12-16T05:39:28.793+01:00 DEBUG 28445 --- [           main] o.s.d.jpa.repository.query.NamedQuery    : Looking up named query MonitoringStations.findByLocation
2024-12-16T05:39:28.794+01:00 DEBUG 28445 --- [           main] o.s.d.jpa.repository.query.NamedQuery    : Did not find named query MonitoringStations.findByLocation
2024-12-16T05:39:28.794+01:00 DEBUG 28445 --- [           main] tor$SharedEntityManagerInvocationHandler : Creating new EntityManager for shared EntityManager invocation
2024-12-16T05:39:28.801+01:00 DEBUG 28445 --- [           main] o.s.d.r.c.s.RepositoryFactorySupport     : Finished creation of repository instance for com.misight.repository.MonitoringStationsRepo.
2024-12-16T05:39:28.804+01:00 DEBUG 28445 --- [           main] o.s.b.f.s.DefaultListableBeanFactory     : Autowiring by type from bean name 'monitoringStationsService' via constructor to bean named 'monitoringStationsRepo'
2024-12-16T05:39:28.819+01:00 DEBUG 28445 --- [           main] o.s.b.f.s.DefaultListableBeanFactory     : Autowiring by type from bean name 'monitoringStationsController' via constructor to bean named 'monitoringStationsService'
2024-12-16T05:39:28.822+01:00 DEBUG 28445 --- [           main] o.s.b.f.s.DefaultListableBeanFactory     : Creating shared instance of singleton bean 'pollutantsController'
2024-12-16T05:39:28.824+01:00 DEBUG 28445 --- [           main] o.s.b.f.s.DefaultListableBeanFactory     : Creating shared instance of singleton bean 'pollutantsService'
2024-12-16T05:39:28.834+01:00 DEBUG 28445 --- [           main] o.s.b.f.s.DefaultListableBeanFactory     : Creating shared instance of singleton bean 'pollutantsRepo'
2024-12-16T05:39:28.838+01:00 DEBUG 28445 --- [           main] o.s.b.f.s.DefaultListableBeanFactory     : Creating shared instance of singleton bean 'jpa.named-queries#8'
2024-12-16T05:39:28.842+01:00 DEBUG 28445 --- [           main] o.s.b.f.s.DefaultListableBeanFactory     : Creating shared instance of singleton bean 'jpa.PollutantsRepo.fragments#0'
2024-12-16T05:39:28.843+01:00 DEBUG 28445 --- [           main] tor$SharedEntityManagerInvocationHandler : Creating new EntityManager for shared EntityManager invocation
2024-12-16T05:39:28.845+01:00 DEBUG 28445 --- [           main] o.s.d.r.c.s.RepositoryFactorySupport     : Initializing repository instance for com.misight.repository.PollutantsRepo…
2024-12-16T05:39:28.846+01:00 DEBUG 28445 --- [           main] tor$SharedEntityManagerInvocationHandler : Creating new EntityManager for shared EntityManager invocation
2024-12-16T05:39:28.862+01:00 DEBUG 28445 --- [           main] o.s.d.jpa.repository.query.NamedQuery    : Looking up named query Pollutants.findByName
2024-12-16T05:39:28.862+01:00 DEBUG 28445 --- [           main] o.s.d.jpa.repository.query.NamedQuery    : Did not find named query Pollutants.findByName
2024-12-16T05:39:28.863+01:00 DEBUG 28445 --- [           main] tor$SharedEntityManagerInvocationHandler : Creating new EntityManager for shared EntityManager invocation
2024-12-16T05:39:28.871+01:00 DEBUG 28445 --- [           main] o.s.d.jpa.repository.query.NamedQuery    : Did not find named query Pollutants.findByNameContaining.count
2024-12-16T05:39:28.872+01:00 DEBUG 28445 --- [           main] tor$SharedEntityManagerInvocationHandler : Creating new EntityManager for shared EntityManager invocation
2024-12-16T05:39:28.876+01:00 DEBUG 28445 --- [           main] o.s.d.jpa.repository.query.NamedQuery    : Looking up named query Pollutants.existsByName
2024-12-16T05:39:28.876+01:00 DEBUG 28445 --- [           main] o.s.d.jpa.repository.query.NamedQuery    : Did not find named query Pollutants.existsByName
2024-12-16T05:39:28.876+01:00 DEBUG 28445 --- [           main] tor$SharedEntityManagerInvocationHandler : Creating new EntityManager for shared EntityManager invocation
2024-12-16T05:39:28.878+01:00 DEBUG 28445 --- [           main] o.s.d.jpa.repository.query.NamedQuery    : Looking up named query Pollutants.findByCategory
2024-12-16T05:39:28.878+01:00 DEBUG 28445 --- [           main] o.s.d.jpa.repository.query.NamedQuery    : Did not find named query Pollutants.findByCategory
2024-12-16T05:39:28.878+01:00 DEBUG 28445 --- [           main] tor$SharedEntityManagerInvocationHandler : Creating new EntityManager for shared EntityManager invocation
2024-12-16T05:39:28.882+01:00 DEBUG 28445 --- [           main] o.s.d.r.c.s.RepositoryFactorySupport     : Finished creation of repository instance for com.misight.repository.PollutantsRepo.
2024-12-16T05:39:28.882+01:00 DEBUG 28445 --- [           main] o.s.b.f.s.DefaultListableBeanFactory     : Autowiring by type from bean name 'pollutantsService' via constructor to bean named 'pollutantsRepo'
2024-12-16T05:39:28.892+01:00 DEBUG 28445 --- [           main] o.s.b.f.s.DefaultListableBeanFactory     : Autowiring by type from bean name 'pollutantsController' via constructor to bean named 'pollutantsService'
2024-12-16T05:39:28.894+01:00 DEBUG 28445 --- [           main] o.s.b.f.s.DefaultListableBeanFactory     : Creating shared instance of singleton bean 'privilegesController'
2024-12-16T05:39:28.896+01:00 DEBUG 28445 --- [           main] o.s.b.f.s.DefaultListableBeanFactory     : Creating shared instance of singleton bean 'privilegesService'
2024-12-16T05:39:28.896+01:00 DEBUG 28445 --- [           main] o.s.b.f.s.DefaultListableBeanFactory     : Creating shared instance of singleton bean 'privilegesRepo'
2024-12-16T05:39:28.897+01:00 DEBUG 28445 --- [           main] o.s.b.f.s.DefaultListableBeanFactory     : Creating shared instance of singleton bean 'jpa.named-queries#9'
2024-12-16T05:39:28.898+01:00 DEBUG 28445 --- [           main] o.s.b.f.s.DefaultListableBeanFactory     : Creating shared instance of singleton bean 'jpa.PrivilegesRepo.fragments#0'
2024-12-16T05:39:28.899+01:00 DEBUG 28445 --- [           main] tor$SharedEntityManagerInvocationHandler : Creating new EntityManager for shared EntityManager invocation
2024-12-16T05:39:28.918+01:00 DEBUG 28445 --- [           main] o.s.d.r.c.s.RepositoryFactorySupport     : Initializing repository instance for com.misight.repository.PrivilegesRepo…
2024-12-16T05:39:28.919+01:00 DEBUG 28445 --- [           main] tor$SharedEntityManagerInvocationHandler : Creating new EntityManager for shared EntityManager invocation
2024-12-16T05:39:28.931+01:00 DEBUG 28445 --- [           main] o.s.d.jpa.repository.query.NamedQuery    : Looking up named query Privileges.existsByName
2024-12-16T05:39:28.931+01:00 DEBUG 28445 --- [           main] o.s.d.jpa.repository.query.NamedQuery    : Did not find named query Privileges.existsByName
2024-12-16T05:39:28.931+01:00 DEBUG 28445 --- [           main] tor$SharedEntityManagerInvocationHandler : Creating new EntityManager for shared EntityManager invocation
2024-12-16T05:39:28.934+01:00 DEBUG 28445 --- [           main] o.s.d.jpa.repository.query.NamedQuery    : Looking up named query Privileges.findByNameIn
2024-12-16T05:39:28.935+01:00 DEBUG 28445 --- [           main] o.s.d.jpa.repository.query.NamedQuery    : Did not find named query Privileges.findByNameIn
2024-12-16T05:39:28.935+01:00 DEBUG 28445 --- [           main] tor$SharedEntityManagerInvocationHandler : Creating new EntityManager for shared EntityManager invocation
2024-12-16T05:39:28.938+01:00 DEBUG 28445 --- [           main] o.s.d.jpa.repository.query.NamedQuery    : Looking up named query Privileges.findByName
2024-12-16T05:39:28.938+01:00 DEBUG 28445 --- [           main] o.s.d.jpa.repository.query.NamedQuery    : Did not find named query Privileges.findByName
2024-12-16T05:39:28.939+01:00 DEBUG 28445 --- [           main] tor$SharedEntityManagerInvocationHandler : Creating new EntityManager for shared EntityManager invocation
2024-12-16T05:39:28.942+01:00 DEBUG 28445 --- [           main] o.s.d.r.c.s.RepositoryFactorySupport     : Finished creation of repository instance for com.misight.repository.PrivilegesRepo.
2024-12-16T05:39:28.943+01:00 DEBUG 28445 --- [           main] o.s.b.f.s.DefaultListableBeanFactory     : Autowiring by type from bean name 'privilegesService' via constructor to bean named 'privilegesRepo'
2024-12-16T05:39:28.955+01:00 DEBUG 28445 --- [           main] o.s.b.f.s.DefaultListableBeanFactory     : Autowiring by type from bean name 'privilegesController' via constructor to bean named 'privilegesService'
2024-12-16T05:39:28.957+01:00 DEBUG 28445 --- [           main] o.s.b.f.s.DefaultListableBeanFactory     : Creating shared instance of singleton bean 'provincesController'
2024-12-16T05:39:28.959+01:00 DEBUG 28445 --- [           main] o.s.b.f.s.DefaultListableBeanFactory     : Creating shared instance of singleton bean 'provincesService'
2024-12-16T05:39:28.959+01:00 DEBUG 28445 --- [           main] o.s.b.f.s.DefaultListableBeanFactory     : Creating shared instance of singleton bean 'provincesRepo'
2024-12-16T05:39:28.960+01:00 DEBUG 28445 --- [           main] o.s.b.f.s.DefaultListableBeanFactory     : Creating shared instance of singleton bean 'jpa.named-queries#7'
2024-12-16T05:39:28.961+01:00 DEBUG 28445 --- [           main] o.s.b.f.s.DefaultListableBeanFactory     : Creating shared instance of singleton bean 'jpa.ProvincesRepo.fragments#0'
2024-12-16T05:39:28.962+01:00 DEBUG 28445 --- [           main] tor$SharedEntityManagerInvocationHandler : Creating new EntityManager for shared EntityManager invocation
2024-12-16T05:39:28.963+01:00 DEBUG 28445 --- [           main] o.s.d.r.c.s.RepositoryFactorySupport     : Initializing repository instance for com.misight.repository.ProvincesRepo…
2024-12-16T05:39:28.964+01:00 DEBUG 28445 --- [           main] tor$SharedEntityManagerInvocationHandler : Creating new EntityManager for shared EntityManager invocation
2024-12-16T05:39:28.978+01:00 DEBUG 28445 --- [           main] o.s.d.jpa.repository.query.NamedQuery    : Did not find named query Provinces.findAllBasic.count
2024-12-16T05:39:28.981+01:00 DEBUG 28445 --- [           main] tor$SharedEntityManagerInvocationHandler : Creating new EntityManager for shared EntityManager invocation
2024-12-16T05:39:28.984+01:00 DEBUG 28445 --- [           main] o.s.d.jpa.repository.query.NamedQuery    : Looking up named query Provinces.existsByNameIgnoreCase
2024-12-16T05:39:28.984+01:00 DEBUG 28445 --- [           main] o.s.d.jpa.repository.query.NamedQuery    : Did not find named query Provinces.existsByNameIgnoreCase
2024-12-16T05:39:28.984+01:00 DEBUG 28445 --- [           main] tor$SharedEntityManagerInvocationHandler : Creating new EntityManager for shared EntityManager invocation
2024-12-16T05:39:28.988+01:00 DEBUG 28445 --- [           main] o.s.d.jpa.repository.query.NamedQuery    : Did not find named query Provinces.findByIdWithMines.count
2024-12-16T05:39:28.988+01:00 DEBUG 28445 --- [           main] tor$SharedEntityManagerInvocationHandler : Creating new EntityManager for shared EntityManager invocation
2024-12-16T05:39:28.991+01:00 DEBUG 28445 --- [           main] o.s.d.jpa.repository.query.NamedQuery    : Did not find named query Provinces.findByIdWithStations.count
2024-12-16T05:39:28.991+01:00 DEBUG 28445 --- [           main] tor$SharedEntityManagerInvocationHandler : Creating new EntityManager for shared EntityManager invocation
2024-12-16T05:39:28.993+01:00 DEBUG 28445 --- [           main] o.s.d.jpa.repository.query.NamedQuery    : Looking up named query Provinces.findByNameIgnoreCase
2024-12-16T05:39:28.994+01:00 DEBUG 28445 --- [           main] o.s.d.jpa.repository.query.NamedQuery    : Did not find named query Provinces.findByNameIgnoreCase
2024-12-16T05:39:28.994+01:00 DEBUG 28445 --- [           main] tor$SharedEntityManagerInvocationHandler : Creating new EntityManager for shared EntityManager invocation
2024-12-16T05:39:28.999+01:00 DEBUG 28445 --- [           main] o.s.d.r.c.s.RepositoryFactorySupport     : Finished creation of repository instance for com.misight.repository.ProvincesRepo.
2024-12-16T05:39:29.000+01:00 DEBUG 28445 --- [           main] o.s.b.f.s.DefaultListableBeanFactory     : Autowiring by type from bean name 'provincesService' via constructor to bean named 'provincesRepo'
2024-12-16T05:39:29.010+01:00 DEBUG 28445 --- [           main] o.s.b.f.s.DefaultListableBeanFactory     : Autowiring by type from bean name 'provincesController' via constructor to bean named 'provincesService'
2024-12-16T05:39:29.010+01:00 DEBUG 28445 --- [           main] o.s.b.f.s.DefaultListableBeanFactory     : Creating shared instance of singleton bean 'rootController'
2024-12-16T05:39:29.012+01:00 DEBUG 28445 --- [           main] o.s.b.f.s.DefaultListableBeanFactory     : Creating shared instance of singleton bean 'safetyDataController'
2024-12-16T05:39:29.013+01:00 DEBUG 28445 --- [           main] o.s.b.f.s.DefaultListableBeanFactory     : Creating shared instance of singleton bean 'safetyDataService'
2024-12-16T05:39:29.014+01:00 DEBUG 28445 --- [           main] o.s.b.f.s.DefaultListableBeanFactory     : Creating shared instance of singleton bean 'safetyDataRepo'
2024-12-16T05:39:29.015+01:00 DEBUG 28445 --- [           main] o.s.b.f.s.DefaultListableBeanFactory     : Creating shared instance of singleton bean 'jpa.named-queries#3'
2024-12-16T05:39:29.016+01:00 DEBUG 28445 --- [           main] o.s.b.f.s.DefaultListableBeanFactory     : Creating shared instance of singleton bean 'jpa.SafetyDataRepo.fragments#0'
2024-12-16T05:39:29.017+01:00 DEBUG 28445 --- [           main] tor$SharedEntityManagerInvocationHandler : Creating new EntityManager for shared EntityManager invocation
2024-12-16T05:39:29.018+01:00 DEBUG 28445 --- [           main] o.s.d.r.c.s.RepositoryFactorySupport     : Initializing repository instance for com.misight.repository.SafetyDataRepo…
2024-12-16T05:39:29.019+01:00 DEBUG 28445 --- [           main] tor$SharedEntityManagerInvocationHandler : Creating new EntityManager for shared EntityManager invocation
2024-12-16T05:39:29.041+01:00 DEBUG 28445 --- [           main] o.s.d.jpa.repository.query.NamedQuery    : Did not find named query SafetyData.findByMineIdAndDateRange.count
2024-12-16T05:39:29.042+01:00 DEBUG 28445 --- [           main] tor$SharedEntityManagerInvocationHandler : Creating new EntityManager for shared EntityManager invocation
2024-12-16T05:39:29.055+01:00 DEBUG 28445 --- [           main] o.s.d.jpa.repository.query.NamedQuery    : Looking up named query SafetyData.findByMineId
2024-12-16T05:39:29.056+01:00 DEBUG 28445 --- [           main] o.s.d.jpa.repository.query.NamedQuery    : Did not find named query SafetyData.findByMineId
2024-12-16T05:39:29.056+01:00 DEBUG 28445 --- [           main] tor$SharedEntityManagerInvocationHandler : Creating new EntityManager for shared EntityManager invocation
2024-12-16T05:39:29.059+01:00 DEBUG 28445 --- [           main] o.s.d.jpa.repository.query.NamedQuery    : Looking up named query SafetyData.findByDateRecordedBetween
2024-12-16T05:39:29.060+01:00 DEBUG 28445 --- [           main] o.s.d.jpa.repository.query.NamedQuery    : Did not find named query SafetyData.findByDateRecordedBetween
2024-12-16T05:39:29.061+01:00 DEBUG 28445 --- [           main] tor$SharedEntityManagerInvocationHandler : Creating new EntityManager for shared EntityManager invocation
2024-12-16T05:39:29.065+01:00 DEBUG 28445 --- [           main] o.s.d.r.c.s.RepositoryFactorySupport     : Finished creation of repository instance for com.misight.repository.SafetyDataRepo.
2024-12-16T05:39:29.066+01:00 DEBUG 28445 --- [           main] o.s.b.f.s.DefaultListableBeanFactory     : Autowiring by type from bean name 'safetyDataService' via constructor to bean named 'safetyDataRepo'
2024-12-16T05:39:29.066+01:00 DEBUG 28445 --- [           main] o.s.b.f.s.DefaultListableBeanFactory     : Autowiring by type from bean name 'safetyDataService' via constructor to bean named 'minesRepo'
2024-12-16T05:39:29.075+01:00 DEBUG 28445 --- [           main] o.s.b.f.s.DefaultListableBeanFactory     : Autowiring by type from bean name 'safetyDataController' via constructor to bean named 'safetyDataService'
2024-12-16T05:39:29.076+01:00 DEBUG 28445 --- [           main] o.s.b.f.s.DefaultListableBeanFactory     : Creating shared instance of singleton bean 'userController'
2024-12-16T05:39:29.077+01:00 DEBUG 28445 --- [           main] o.s.b.f.s.DefaultListableBeanFactory     : Creating shared instance of singleton bean 'userService'
2024-12-16T05:39:29.078+01:00 DEBUG 28445 --- [           main] o.s.b.f.s.DefaultListableBeanFactory     : Creating shared instance of singleton bean 'userRepo'
2024-12-16T05:39:29.081+01:00 DEBUG 28445 --- [           main] o.s.b.f.s.DefaultListableBeanFactory     : Creating shared instance of singleton bean 'jpa.named-queries#1'
2024-12-16T05:39:29.082+01:00 DEBUG 28445 --- [           main] o.s.b.f.s.DefaultListableBeanFactory     : Creating shared instance of singleton bean 'jpa.UserRepo.fragments#0'
2024-12-16T05:39:29.083+01:00 DEBUG 28445 --- [           main] tor$SharedEntityManagerInvocationHandler : Creating new EntityManager for shared EntityManager invocation
2024-12-16T05:39:29.086+01:00 DEBUG 28445 --- [           main] o.s.d.r.c.s.RepositoryFactorySupport     : Initializing repository instance for com.misight.repository.UserRepo…
2024-12-16T05:39:29.086+01:00 DEBUG 28445 --- [           main] tor$SharedEntityManagerInvocationHandler : Creating new EntityManager for shared EntityManager invocation
2024-12-16T05:39:29.102+01:00 DEBUG 28445 --- [           main] o.s.d.jpa.repository.query.NamedQuery    : Looking up named query User.existsByUsername
2024-12-16T05:39:29.103+01:00 DEBUG 28445 --- [           main] o.s.d.jpa.repository.query.NamedQuery    : Did not find named query User.existsByUsername
2024-12-16T05:39:29.103+01:00 DEBUG 28445 --- [           main] tor$SharedEntityManagerInvocationHandler : Creating new EntityManager for shared EntityManager invocation
2024-12-16T05:39:29.105+01:00 DEBUG 28445 --- [           main] o.s.d.jpa.repository.query.NamedQuery    : Looking up named query User.findByUsername
2024-12-16T05:39:29.105+01:00 DEBUG 28445 --- [           main] o.s.d.jpa.repository.query.NamedQuery    : Did not find named query User.findByUsername
2024-12-16T05:39:29.105+01:00 DEBUG 28445 --- [           main] tor$SharedEntityManagerInvocationHandler : Creating new EntityManager for shared EntityManager invocation
2024-12-16T05:39:29.114+01:00 DEBUG 28445 --- [           main] o.s.d.jpa.repository.query.NamedQuery    : Did not find named query User.findByUsernameWithPrivileges.count
2024-12-16T05:39:29.114+01:00 DEBUG 28445 --- [           main] tor$SharedEntityManagerInvocationHandler : Creating new EntityManager for shared EntityManager invocation
2024-12-16T05:39:29.121+01:00 DEBUG 28445 --- [           main] o.s.d.r.c.s.RepositoryFactorySupport     : Finished creation of repository instance for com.misight.repository.UserRepo.
2024-12-16T05:39:29.122+01:00 DEBUG 28445 --- [           main] o.s.b.f.s.DefaultListableBeanFactory     : Creating shared instance of singleton bean 'passwordEncoder'
2024-12-16T05:39:29.134+01:00 DEBUG 28445 --- [           main] o.s.b.f.s.DefaultListableBeanFactory     : Autowiring by type from bean name 'userService' via constructor to bean named 'userRepo'
2024-12-16T05:39:29.134+01:00 DEBUG 28445 --- [           main] o.s.b.f.s.DefaultListableBeanFactory     : Autowiring by type from bean name 'userService' via constructor to bean named 'privilegesRepo'
2024-12-16T05:39:29.134+01:00 DEBUG 28445 --- [           main] o.s.b.f.s.DefaultListableBeanFactory     : Autowiring by type from bean name 'userService' via constructor to bean named 'passwordEncoder'
2024-12-16T05:39:29.153+01:00 DEBUG 28445 --- [           main] o.s.b.f.s.DefaultListableBeanFactory     : Autowiring by type from bean name 'userController' via constructor to bean named 'userService'
2024-12-16T05:39:29.154+01:00 DEBUG 28445 --- [           main] o.s.b.f.s.DefaultListableBeanFactory     : Creating shared instance of singleton bean 'userPrivilegeController'
2024-12-16T05:39:29.156+01:00 DEBUG 28445 --- [           main] o.s.b.f.s.DefaultListableBeanFactory     : Creating shared instance of singleton bean 'userPrivilegeServiceImpl'
2024-12-16T05:39:29.157+01:00 DEBUG 28445 --- [           main] o.s.b.f.s.DefaultListableBeanFactory     : Creating shared instance of singleton bean 'userPrivilegeRepo'
2024-12-16T05:39:29.159+01:00 DEBUG 28445 --- [           main] o.s.b.f.s.DefaultListableBeanFactory     : Creating shared instance of singleton bean 'jpa.named-queries#6'
2024-12-16T05:39:29.160+01:00 DEBUG 28445 --- [           main] o.s.b.f.s.DefaultListableBeanFactory     : Creating shared instance of singleton bean 'jpa.UserPrivilegeRepo.fragments#0'
2024-12-16T05:39:29.160+01:00 DEBUG 28445 --- [           main] tor$SharedEntityManagerInvocationHandler : Creating new EntityManager for shared EntityManager invocation
2024-12-16T05:39:29.165+01:00 DEBUG 28445 --- [           main] o.s.d.r.c.s.RepositoryFactorySupport     : Initializing repository instance for com.misight.repository.UserPrivilegeRepo…
2024-12-16T05:39:29.165+01:00 DEBUG 28445 --- [           main] tor$SharedEntityManagerInvocationHandler : Creating new EntityManager for shared EntityManager invocation
2024-12-16T05:39:29.175+01:00 DEBUG 28445 --- [           main] o.s.d.jpa.repository.query.NamedQuery    : Looking up named query UserPrivilege.findByUserId
2024-12-16T05:39:29.177+01:00 DEBUG 28445 --- [           main] o.s.d.jpa.repository.query.NamedQuery    : Did not find named query UserPrivilege.findByUserId
2024-12-16T05:39:29.177+01:00 DEBUG 28445 --- [           main] tor$SharedEntityManagerInvocationHandler : Creating new EntityManager for shared EntityManager invocation
2024-12-16T05:39:29.179+01:00 DEBUG 28445 --- [           main] o.s.d.jpa.repository.query.NamedQuery    : Looking up named query UserPrivilege.deleteByUserIdAndPrivilegeId
2024-12-16T05:39:29.180+01:00 DEBUG 28445 --- [           main] o.s.d.jpa.repository.query.NamedQuery    : Did not find named query UserPrivilege.deleteByUserIdAndPrivilegeId
2024-12-16T05:39:29.182+01:00 DEBUG 28445 --- [           main] tor$SharedEntityManagerInvocationHandler : Creating new EntityManager for shared EntityManager invocation
2024-12-16T05:39:29.187+01:00 DEBUG 28445 --- [           main] o.s.d.r.c.s.RepositoryFactorySupport     : Finished creation of repository instance for com.misight.repository.UserPrivilegeRepo.
2024-12-16T05:39:29.197+01:00 DEBUG 28445 --- [           main] o.s.b.f.s.DefaultListableBeanFactory     : Creating shared instance of singleton bean 'testDatabaseConnection'
2024-12-16T05:39:29.198+01:00 DEBUG 28445 --- [           main] o.s.b.f.s.DefaultListableBeanFactory     : Creating shared instance of singleton bean 'jdbcTemplate'
2024-12-16T05:39:29.198+01:00 DEBUG 28445 --- [           main] o.s.b.f.s.DefaultListableBeanFactory     : Creating shared instance of singleton bean 'org.springframework.boot.autoconfigure.jdbc.JdbcTemplateConfiguration'
2024-12-16T05:39:29.200+01:00 DEBUG 28445 --- [           main] o.s.b.f.s.DefaultListableBeanFactory     : Creating shared instance of singleton bean 'spring.jdbc-org.springframework.boot.autoconfigure.jdbc.JdbcProperties'
2024-12-16T05:39:29.212+01:00 DEBUG 28445 --- [           main] o.s.b.f.s.DefaultListableBeanFactory     : Autowiring by type from bean name 'jdbcTemplate' via factory method to bean named 'dataSource'
2024-12-16T05:39:29.213+01:00 DEBUG 28445 --- [           main] o.s.b.f.s.DefaultListableBeanFactory     : Autowiring by type from bean name 'jdbcTemplate' via factory method to bean named 'spring.jdbc-org.springframework.boot.autoconfigure.jdbc.JdbcProperties'
2024-12-16T05:39:29.239+01:00 DEBUG 28445 --- [           main] o.s.b.f.s.DefaultListableBeanFactory     : Autowiring by type from bean name 'testDatabaseConnection' via factory method to bean named 'jdbcTemplate'
2024-12-16T05:39:29.245+01:00 DEBUG 28445 --- [           main] o.s.b.f.s.DefaultListableBeanFactory     : Creating shared instance of singleton bean 'logFilter'
2024-12-16T05:39:29.250+01:00 DEBUG 28445 --- [           main] o.s.b.f.s.DefaultListableBeanFactory     : Creating shared instance of singleton bean 'org.springframework.security.config.annotation.configuration.ObjectPostProcessorConfiguration'
2024-12-16T05:39:29.254+01:00 DEBUG 28445 --- [           main] o.s.b.f.s.DefaultListableBeanFactory     : Creating shared instance of singleton bean 'objectPostProcessor'
2024-12-16T05:39:29.256+01:00 DEBUG 28445 --- [           main] o.s.b.f.s.DefaultListableBeanFactory     : Autowiring by type from bean name 'objectPostProcessor' via factory method to bean named 'org.springframework.beans.factory.support.DefaultListableBeanFactory@77e2a6e2'
2024-12-16T05:39:29.260+01:00 DEBUG 28445 --- [           main] o.s.b.f.s.DefaultListableBeanFactory     : Creating shared instance of singleton bean 'org.springframework.security.config.annotation.authentication.configuration.AuthenticationConfiguration'
2024-12-16T05:39:29.268+01:00 DEBUG 28445 --- [           main] o.s.b.f.s.DefaultListableBeanFactory     : Creating shared instance of singleton bean 'enableGlobalAuthenticationAutowiredConfigurer'
2024-12-16T05:39:29.269+01:00 DEBUG 28445 --- [           main] o.s.b.f.s.DefaultListableBeanFactory     : Autowiring by type from bean name 'enableGlobalAuthenticationAutowiredConfigurer' via factory method to bean named 'org.springframework.web.context.support.GenericWebApplicationContext@551a20d6'
2024-12-16T05:39:29.281+01:00 DEBUG 28445 --- [           main] o.s.b.f.s.DefaultListableBeanFactory     : Creating shared instance of singleton bean 'initializeUserDetailsBeanManagerConfigurer'
2024-12-16T05:39:29.283+01:00 DEBUG 28445 --- [           main] o.s.b.f.s.DefaultListableBeanFactory     : Autowiring by type from bean name 'initializeUserDetailsBeanManagerConfigurer' via factory method to bean named 'org.springframework.web.context.support.GenericWebApplicationContext@551a20d6'
2024-12-16T05:39:29.288+01:00 DEBUG 28445 --- [           main] o.s.b.f.s.DefaultListableBeanFactory     : Creating shared instance of singleton bean 'initializeAuthenticationProviderBeanManagerConfigurer'
2024-12-16T05:39:29.290+01:00 DEBUG 28445 --- [           main] o.s.b.f.s.DefaultListableBeanFactory     : Autowiring by type from bean name 'initializeAuthenticationProviderBeanManagerConfigurer' via factory method to bean named 'org.springframework.web.context.support.GenericWebApplicationContext@551a20d6'
2024-12-16T05:39:29.307+01:00 DEBUG 28445 --- [           main] o.s.b.f.s.DefaultListableBeanFactory     : Creating shared instance of singleton bean 'authenticationManagerBuilder'
2024-12-16T05:39:29.309+01:00 DEBUG 28445 --- [           main] o.s.b.f.s.DefaultListableBeanFactory     : Autowiring by type from bean name 'authenticationManagerBuilder' via factory method to bean named 'objectPostProcessor'
2024-12-16T05:39:29.310+01:00 DEBUG 28445 --- [           main] o.s.b.f.s.DefaultListableBeanFactory     : Autowiring by type from bean name 'authenticationManagerBuilder' via factory method to bean named 'org.springframework.web.context.support.GenericWebApplicationContext@551a20d6'
2024-12-16T05:39:29.312+01:00 DEBUG 28445 --- [           main] o.s.b.f.s.DefaultListableBeanFactory     : Creating shared instance of singleton bean 'authenticationEventPublisher'
2024-12-16T05:39:29.312+01:00 DEBUG 28445 --- [           main] o.s.b.f.s.DefaultListableBeanFactory     : Creating shared instance of singleton bean 'org.springframework.boot.autoconfigure.security.servlet.SecurityAutoConfiguration'
2024-12-16T05:39:29.316+01:00 DEBUG 28445 --- [           main] o.s.b.f.s.DefaultListableBeanFactory     : Autowiring by type from bean name 'authenticationEventPublisher' via factory method to bean named 'org.springframework.web.context.support.GenericWebApplicationContext@551a20d6'
2024-12-16T05:39:29.329+01:00 DEBUG 28445 --- [           main] o.s.b.f.s.DefaultListableBeanFactory     : Creating shared instance of singleton bean 'org.springframework.security.config.annotation.web.configuration.WebSecurityConfiguration'
2024-12-16T05:39:29.337+01:00 DEBUG 28445 --- [           main] o.s.b.f.s.DefaultListableBeanFactory     : Creating shared instance of singleton bean 'org.springframework.security.config.annotation.web.configuration.HttpSecurityConfiguration'
2024-12-16T05:39:29.349+01:00 DEBUG 28445 --- [           main] o.s.b.f.s.DefaultListableBeanFactory     : Creating shared instance of singleton bean 'mvcContentNegotiationManager'
[...]

   RSocketGraphQlClientAutoConfiguration:
      Did not match:
         - @ConditionalOnClass did not find required class 'graphql.GraphQL' (OnClassCondition)

   RSocketMessagingAutoConfiguration:
      Did not match:
         - @ConditionalOnClass did not find required class 'io.rsocket.RSocket' (OnClassCondition)

   RSocketRequesterAutoConfiguration:
      Did not match:
         - @ConditionalOnClass did not find required class 'io.rsocket.RSocket' (OnClassCondition)

   RSocketSecurityAutoConfiguration:
      Did not match:
         - @ConditionalOnClass did not find required class 'org.springframework.security.rsocket.core.SecuritySocketAcceptorInterceptor' (OnClassCondition)

   RSocketServerAutoConfiguration:
      Did not match:
         - @ConditionalOnClass did not find required class 'io.rsocket.core.RSocketServer' (OnClassCondition)

   RSocketStrategiesAutoConfiguration:
      Did not match:
         - @ConditionalOnClass did not find required class 'io.netty.buffer.PooledByteBufAllocator' (OnClassCondition)

   RabbitAutoConfiguration:
      Did not match:
         - @ConditionalOnClass did not find required class 'com.rabbitmq.client.Channel' (OnClassCondition)

   ReactiveElasticsearchClientAutoConfiguration:
      Did not match:
         - @ConditionalOnClass did not find required class 'co.elastic.clients.transport.ElasticsearchTransport' (OnClassCondition)

   ReactiveElasticsearchRepositoriesAutoConfiguration:
      Did not match:
         - @ConditionalOnClass did not find required class 'org.springframework.data.elasticsearch.client.elc.ReactiveElasticsearchClient' (OnClassCondition)

   ReactiveMultipartAutoConfiguration:
      Did not match:
         - @ConditionalOnClass did not find required class 'org.springframework.web.reactive.config.WebFluxConfigurer' (OnClassCondition)

   ReactiveOAuth2ClientAutoConfiguration:
      Did not match:
         - @ConditionalOnClass did not find required class 'reactor.core.publisher.Flux' (OnClassCondition)

   ReactiveOAuth2ResourceServerAutoConfiguration:
      Did not match:
         - @ConditionalOnWebApplication did not find reactive web application classes (OnWebApplicationCondition)

   ReactiveSecurityAutoConfiguration:
      Did not match:
         - @ConditionalOnClass did not find required class 'reactor.core.publisher.Flux' (OnClassCondition)

   ReactiveUserDetailsServiceAutoConfiguration:
      Did not match:
         - AnyNestedCondition 0 matched 2 did not; NestedCondition on ReactiveUserDetailsServiceAutoConfiguration.ReactiveUserDetailsServiceCondition.ReactiveWebApplicationCondition did not find reactive web application classes; NestedCondition on ReactiveUserDetailsServiceAutoConfiguration.ReactiveUserDetailsServiceCondition.RSocketSecurityEnabledCondition @ConditionalOnBean (types: org.springframework.messaging.rsocket.annotation.support.RSocketMessageHandler; SearchStrategy: all) did not find any beans of type org.springframework.messaging.rsocket.annotation.support.RSocketMessageHandler (ReactiveUserDetailsServiceAutoConfiguration.ReactiveUserDetailsServiceCondition)
      Matched:
         - @ConditionalOnClass found required class 'org.springframework.security.authentication.ReactiveAuthenticationManager'; @ConditionalOnMissingClass did not find unwanted classes 'org.springframework.security.oauth2.client.registration.ClientRegistrationRepository', 'org.springframework.security.oauth2.server.resource.introspection.ReactiveOpaqueTokenIntrospector' (OnClassCondition)

   ReactiveWebServerFactoryAutoConfiguration:
      Did not match:
         - @ConditionalOnWebApplication did not find reactive web application classes (OnWebApplicationCondition)

   ReactorAutoConfiguration:
      Did not match:
         - @ConditionalOnClass did not find required class 'reactor.core.publisher.Hooks' (OnClassCondition)

   RedisAutoConfiguration:
      Did not match:
         - @ConditionalOnClass did not find required class 'org.springframework.data.redis.core.RedisOperations' (OnClassCondition)

   RedisCacheConfiguration:
      Did not match:
         - @ConditionalOnClass did not find required class 'org.springframework.data.redis.connection.RedisConnectionFactory' (OnClassCondition)

   RedisReactiveAutoConfiguration:
      Did not match:
         - @ConditionalOnClass did not find required class 'reactor.core.publisher.Flux' (OnClassCondition)

   RedisRepositoriesAutoConfiguration:
      Did not match:
         - @ConditionalOnClass did not find required class 'org.springframework.data.redis.repository.configuration.EnableRedisRepositories' (OnClassCondition)

   RepositoryRestMvcAutoConfiguration:
      Did not match:
         - @ConditionalOnClass did not find required class 'org.springframework.data.rest.webmvc.config.RepositoryRestMvcConfiguration' (OnClassCondition)

   Saml2RelyingPartyAutoConfiguration:
      Did not match:
         - @ConditionalOnClass did not find required class 'org.springframework.security.saml2.provider.service.registration.RelyingPartyRegistrationRepository' (OnClassCondition)

   SecurityDataConfiguration:
      Did not match:
         - @ConditionalOnClass did not find required class 'org.springframework.security.data.repository.query.SecurityEvaluationContextExtension' (OnClassCondition)

   SendGridAutoConfiguration:
      Did not match:
         - @ConditionalOnClass did not find required class 'com.sendgrid.SendGrid' (OnClassCondition)

   ServletWebServerFactoryAutoConfiguration.ForwardedHeaderFilterConfiguration:
      Did not match:
         - @ConditionalOnProperty (server.forward-headers-strategy=framework) did not find property 'server.forward-headers-strategy' (OnPropertyCondition)

   ServletWebServerFactoryConfiguration.EmbeddedJetty:
      Did not match:
         - @ConditionalOnClass did not find required classes 'org.eclipse.jetty.server.Server', 'org.eclipse.jetty.util.Loader', 'org.eclipse.jetty.ee10.webapp.WebAppContext' (OnClassCondition)

   ServletWebServerFactoryConfiguration.EmbeddedUndertow:
      Did not match:
         - @ConditionalOnClass did not find required classes 'io.undertow.Undertow', 'org.xnio.SslClientAuthMode' (OnClassCondition)

   SessionAutoConfiguration:
      Did not match:
         - @ConditionalOnClass did not find required class 'org.springframework.session.Session' (OnClassCondition)

   SpringApplicationAdminJmxAutoConfiguration:
      Did not match:
         - @ConditionalOnProperty (spring.application.admin.enabled=true) did not find property 'enabled' (OnPropertyCondition)

   SpringBootWebSecurityConfiguration.SecurityFilterChainConfiguration:
      Did not match:
         - AllNestedConditions 1 matched 1 did not; NestedCondition on DefaultWebSecurityCondition.Beans @ConditionalOnMissingBean (types: org.springframework.security.web.SecurityFilterChain; SearchStrategy: all) found beans of type 'org.springframework.security.web.SecurityFilterChain' filterChain; NestedCondition on DefaultWebSecurityCondition.Classes @ConditionalOnClass found required classes 'org.springframework.security.web.SecurityFilterChain', 'org.springframework.security.config.annotation.web.builders.HttpSecurity' (DefaultWebSecurityCondition)

   SpringBootWebSecurityConfiguration.WebSecurityEnablerConfiguration:
      Did not match:
         - @ConditionalOnMissingBean (names: springSecurityFilterChain; SearchStrategy: all) found beans named springSecurityFilterChain (OnBeanCondition)
      Matched:
         - @ConditionalOnClass found required class 'org.springframework.security.config.annotation.web.configuration.EnableWebSecurity' (OnClassCondition)

   TaskExecutorConfigurations.SimpleAsyncTaskExecutorBuilderConfiguration#simpleAsyncTaskExecutorBuilderVirtualThreads:
      Did not match:
         - @ConditionalOnMissingBean (types: org.springframework.boot.task.SimpleAsyncTaskExecutorBuilder; SearchStrategy: all) found beans of type 'org.springframework.boot.task.SimpleAsyncTaskExecutorBuilder' simpleAsyncTaskExecutorBuilder (OnBeanCondition)

   TaskExecutorConfigurations.TaskExecutorConfiguration#applicationTaskExecutorVirtualThreads:
      Did not match:
         - @ConditionalOnThreading did not find VIRTUAL (OnThreadingCondition)

   TaskSchedulingAutoConfiguration#scheduledBeanLazyInitializationExcludeFilter:
      Did not match:
         - @ConditionalOnBean (names: org.springframework.context.annotation.internalScheduledAnnotationProcessor; SearchStrategy: all) did not find any beans named org.springframework.context.annotation.internalScheduledAnnotationProcessor (OnBeanCondition)

   TaskSchedulingConfigurations.SimpleAsyncTaskSchedulerBuilderConfiguration#simpleAsyncTaskSchedulerBuilderVirtualThreads:
      Did not match:
         - @ConditionalOnMissingBean (types: org.springframework.boot.task.SimpleAsyncTaskSchedulerBuilder; SearchStrategy: all) found beans of type 'org.springframework.boot.task.SimpleAsyncTaskSchedulerBuilder' simpleAsyncTaskSchedulerBuilder (OnBeanCondition)

   TaskSchedulingConfigurations.TaskSchedulerConfiguration:
      Did not match:
         - @ConditionalOnBean (names: org.springframework.context.annotation.internalScheduledAnnotationProcessor; SearchStrategy: all) did not find any beans named org.springframework.context.annotation.internalScheduledAnnotationProcessor (OnBeanCondition)

   ThymeleafAutoConfiguration:
      Did not match:
         - @ConditionalOnClass did not find required class 'org.thymeleaf.spring6.SpringTemplateEngine' (OnClassCondition)

   TransactionAutoConfiguration#transactionalOperator:
      Did not match:
         - @ConditionalOnSingleCandidate (types: org.springframework.transaction.ReactiveTransactionManager; SearchStrategy: all) did not find any beans (OnBeanCondition)

   TransactionAutoConfiguration.AspectJTransactionManagementConfiguration:
      Did not match:
         - @ConditionalOnBean (types: org.springframework.transaction.aspectj.AbstractTransactionAspect; SearchStrategy: all) did not find any beans of type org.springframework.transaction.aspectj.AbstractTransactionAspect (OnBeanCondition)

   TransactionAutoConfiguration.EnableTransactionManagementConfiguration.JdkDynamicAutoProxyConfiguration:
      Did not match:
         - @ConditionalOnProperty (spring.aop.proxy-target-class=false) did not find property 'proxy-target-class' (OnPropertyCondition)

   ValidationAutoConfiguration:
      Did not match:
         - @ConditionalOnClass did not find required class 'jakarta.validation.executable.ExecutableValidator' (OnClassCondition)

   WebClientAutoConfiguration:
      Did not match:
         - @ConditionalOnClass did not find required class 'org.springframework.web.reactive.function.client.WebClient' (OnClassCondition)

   WebFluxAutoConfiguration:
      Did not match:
         - @ConditionalOnClass did not find required class 'org.springframework.web.reactive.config.WebFluxConfigurer' (OnClassCondition)

   WebMvcAutoConfiguration#hiddenHttpMethodFilter:
      Did not match:
         - @ConditionalOnProperty (spring.mvc.hiddenmethod.filter.enabled) did not find property 'enabled' (OnPropertyCondition)

   WebMvcAutoConfiguration.ProblemDetailsErrorHandlingConfiguration:
      Did not match:
         - @ConditionalOnProperty (spring.mvc.problemdetails.enabled=true) did not find property 'enabled' (OnPropertyCondition)

   WebMvcAutoConfiguration.ResourceChainCustomizerConfiguration:
      Did not match:
         - @ConditionalOnEnabledResourceChain did not find class org.webjars.WebJarAssetLocator (OnEnabledResourceChainCondition)

   WebMvcAutoConfiguration.WebMvcAutoConfigurationAdapter#beanNameViewResolver:
      Did not match:
         - @ConditionalOnMissingBean (types: org.springframework.web.servlet.view.BeanNameViewResolver; SearchStrategy: all) found beans of type 'org.springframework.web.servlet.view.BeanNameViewResolver' beanNameViewResolver (OnBeanCondition)

   WebServiceTemplateAutoConfiguration:
      Did not match:
         - @ConditionalOnClass did not find required class 'org.springframework.oxm.Marshaller' (OnClassCondition)

   WebServicesAutoConfiguration:
      Did not match:
         - @ConditionalOnClass did not find required class 'org.springframework.ws.transport.http.MessageDispatcherServlet' (OnClassCondition)

   WebSessionIdResolverAutoConfiguration:
      Did not match:
         - @ConditionalOnClass did not find required class 'reactor.core.publisher.Mono' (OnClassCondition)

   WebSocketMessagingAutoConfiguration:
      Did not match:
         - @ConditionalOnClass did not find required class 'org.springframework.web.socket.config.annotation.WebSocketMessageBrokerConfigurer' (OnClassCondition)

   WebSocketReactiveAutoConfiguration:
      Did not match:
         - @ConditionalOnWebApplication did not find reactive web application classes (OnWebApplicationCondition)

   WebSocketServletAutoConfiguration.JettyWebSocketConfiguration:
      Did not match:
         - @ConditionalOnClass did not find required class 'org.eclipse.jetty.ee10.websocket.jakarta.server.config.JakartaWebSocketServletContainerInitializer' (OnClassCondition)

   WebSocketServletAutoConfiguration.UndertowWebSocketConfiguration:
      Did not match:
         - @ConditionalOnClass did not find required class 'io.undertow.websockets.jsr.Bootstrap' (OnClassCondition)

   XADataSourceAutoConfiguration:
      Did not match:
         - @ConditionalOnBean (types: org.springframework.boot.jdbc.XADataSourceWrapper; SearchStrategy: all) did not find any beans of type org.springframework.boot.jdbc.XADataSourceWrapper (OnBeanCondition)
      Matched:
         - @ConditionalOnClass found required classes 'javax.sql.DataSource', 'jakarta.transaction.TransactionManager', 'org.springframework.jdbc.datasource.embedded.EmbeddedDatabaseType' (OnClassCondition)


Exclusions:
-----------

    None


Unconditional classes:
----------------------

    org.springframework.boot.autoconfigure.context.ConfigurationPropertiesAutoConfiguration

    org.springframework.boot.autoconfigure.ssl.SslAutoConfiguration

    org.springframework.boot.autoconfigure.context.LifecycleAutoConfiguration

    org.springframework.boot.autoconfigure.context.PropertyPlaceholderAutoConfiguration

    org.springframework.boot.autoconfigure.availability.ApplicationAvailabilityAutoConfiguration

    org.springframework.boot.autoconfigure.info.ProjectInfoAutoConfiguration



2024-12-16T05:39:30.547+01:00  INFO 28445 --- [           main] c.m.service.MisightApplicationTests      : Started MisightApplicationTests in 8.873 seconds (process running for 10.224)
2024-12-16T05:39:30.562+01:00 DEBUG 28445 --- [           main] o.s.b.a.ApplicationAvailabilityBean      : Application availability state LivenessState changed to CORRECT
2024-12-16T05:39:30.574+01:00 DEBUG 28445 --- [           main] o.s.jdbc.core.JdbcTemplate               : Executing SQL query [SELECT 1]
2024-12-16T05:39:30.576+01:00 DEBUG 28445 --- [           main] o.s.jdbc.datasource.DataSourceUtils      : Fetching JDBC Connection from DataSource
Database connection is successful!
2024-12-16T05:39:30.583+01:00 DEBUG 28445 --- [           main] o.s.b.a.ApplicationAvailabilityBean      : Application availability state ReadinessState changed to ACCEPTING_TRAFFIC
2024-12-16T05:39:30.586+01:00 DEBUG 28445 --- [           main] org.springframework.test.context.cache   : Spring test ApplicationContext cache statistics: [DefaultContextCache@5af535ff size = 1, maxSize = 32, parentContextCount = 0, hitCount = 0, missCount = 1, failureCount = 0]
2024-12-16T05:39:30.587+01:00 DEBUG 28445 --- [           main] o.s.t.c.w.ServletTestExecutionListener   : Setting up MockHttpServletRequest, MockHttpServletResponse, ServletWebRequest, and RequestContextHolder for test class com.misight.service.MisightApplicationTests
2024-12-16T05:39:30.602+01:00 DEBUG 28445 --- [           main] DependencyInjectionTestExecutionListener : Performing dependency injection for test class com.misight.service.MisightApplicationTests
2024-12-16T05:39:30.603+01:00 DEBUG 28445 --- [           main] org.springframework.test.context.cache   : Spring test ApplicationContext cache statistics: [DefaultContextCache@5af535ff size = 1, maxSize = 32, parentContextCount = 0, hitCount = 1, missCount = 1, failureCount = 0]
2024-12-16T05:39:30.608+01:00 DEBUG 28445 --- [           main] org.springframework.test.context.cache   : Spring test ApplicationContext cache statistics: [DefaultContextCache@5af535ff size = 1, maxSize = 32, parentContextCount = 0, hitCount = 2, missCount = 1, failureCount = 0]
2024-12-16T05:39:30.623+01:00 DEBUG 28445 --- [           main] sContextBeforeModesTestExecutionListener : Before test method: class [MisightApplicationTests], method [contextLoads], class annotated with @DirtiesContext [false] with mode [null], method annotated with @DirtiesContext [false] with mode [null]
2024-12-16T05:39:30.628+01:00 DEBUG 28445 --- [           main] org.springframework.test.context.cache   : Spring test ApplicationContext cache statistics: [DefaultContextCache@5af535ff size = 1, maxSize = 32, parentContextCount = 0, hitCount = 3, missCount = 1, failureCount = 0]
2024-12-16T05:39:30.628+01:00 DEBUG 28445 --- [           main] org.springframework.test.context.cache   : Spring test ApplicationContext cache statistics: [DefaultContextCache@5af535ff size = 1, maxSize = 32, parentContextCount = 0, hitCount = 4, missCount = 1, failureCount = 0]
2024-12-16T05:39:31.506+01:00 DEBUG 28445 --- [           main] org.springframework.test.context.cache   : Spring test ApplicationContext cache statistics: [DefaultContextCache@5af535ff size = 1, maxSize = 32, parentContextCount = 0, hitCount = 5, missCount = 1, failureCount = 0]
2024-12-16T05:39:31.513+01:00 DEBUG 28445 --- [           main] org.springframework.test.context.cache   : Spring test ApplicationContext cache statistics: [DefaultContextCache@5af535ff size = 1, maxSize = 32, parentContextCount = 0, hitCount = 6, missCount = 1, failureCount = 0]
2024-12-16T05:39:31.514+01:00 DEBUG 28445 --- [           main] org.springframework.test.context.cache   : Spring test ApplicationContext cache statistics: [DefaultContextCache@5af535ff size = 1, maxSize = 32, parentContextCount = 0, hitCount = 7, missCount = 1, failureCount = 0]
2024-12-16T05:39:31.514+01:00 DEBUG 28445 --- [           main] org.springframework.test.context.cache   : Spring test ApplicationContext cache statistics: [DefaultContextCache@5af535ff size = 1, maxSize = 32, parentContextCount = 0, hitCount = 8, missCount = 1, failureCount = 0]
2024-12-16T05:39:31.516+01:00 DEBUG 28445 --- [           main] org.springframework.test.context.cache   : Spring test ApplicationContext cache statistics: [DefaultContextCache@5af535ff size = 1, maxSize = 32, parentContextCount = 0, hitCount = 9, missCount = 1, failureCount = 0]
2024-12-16T05:39:31.516+01:00 DEBUG 28445 --- [           main] org.springframework.test.context.cache   : Spring test ApplicationContext cache statistics: [DefaultContextCache@5af535ff size = 1, maxSize = 32, parentContextCount = 0, hitCount = 10, missCount = 1, failureCount = 0]
2024-12-16T05:39:31.525+01:00 DEBUG 28445 --- [           main] org.springframework.test.context.cache   : Spring test ApplicationContext cache statistics: [DefaultContextCache@5af535ff size = 1, maxSize = 32, parentContextCount = 0, hitCount = 11, missCount = 1, failureCount = 0]
2024-12-16T05:39:31.529+01:00 DEBUG 28445 --- [           main] .c.s.DirtiesContextTestExecutionListener : After test method: class [MisightApplicationTests], method [contextLoads], class annotated with @DirtiesContext [false] with mode [null], method annotated with @DirtiesContext [false] with mode [null]
2024-12-16T05:39:31.529+01:00 DEBUG 28445 --- [           main] o.s.t.c.w.ServletTestExecutionListener   : Resetting RequestContextHolder for test class com.misight.service.MisightApplicationTests
]]></system-out>
  </testcase>
</testsuite>